<LogEntry>
  <Date>5/3/2021 12:00:19 AM</Date>
  <Exception>
    <Module>RequestPages/ReaderOpsPage.aspx.GerAll()</Module>
    <ErrorNumber>0</ErrorNumber>
    <Source>System.Data</Source>
    <Message>Index 0 is either negative or above rows count.</Message>
    <Stack>   at System.Data.DataView.GetRow(Int32 index)
   at System.Data.DataView.get_Item(Int32 recordIndex)
   at TAMSR2.RequestPages.ReaderPage.GetScreenMessageByDeviceID() in D:\source-code\TIMECHECK\CMI\ADS_TIMECHECK_CMI\TAMSR2\TAMSR2\RequestPages\ReaderPage.aspx.cs:line 1814</Stack>
  </Exception>
</LogEntry>
<LogEntry>
  <Date>5/3/2021 12:01:03 AM</Date>
  <Exception>
    <Module>RequestPages/ReaderOpsPage.aspx.GerAll()</Module>
    <ErrorNumber>0</ErrorNumber>
    <Source>System.Data</Source>
    <Message>Index 0 is either negative or above rows count.</Message>
    <Stack>   at System.Data.DataView.GetRow(Int32 index)
   at System.Data.DataView.get_Item(Int32 recordIndex)
   at TAMSR2.RequestPages.ReaderPage.GetScreenMessageByDeviceID() in D:\source-code\TIMECHECK\CMI\ADS_TIMECHECK_CMI\TAMSR2\TAMSR2\RequestPages\ReaderPage.aspx.cs:line 1814</Stack>
  </Exception>
</LogEntry>
<LogEntry>
  <Date>5/3/2021 12:01:17 AM</Date>
  <Exception>
    <Module>RequestPages/ReaderOpsPage.aspx.GerAll()</Module>
    <ErrorNumber>0</ErrorNumber>
    <Source>System.Data</Source>
    <Message>Index 0 is either negative or above rows count.</Message>
    <Stack>   at System.Data.DataView.GetRow(Int32 index)
   at System.Data.DataView.get_Item(Int32 recordIndex)
   at TAMSR2.RequestPages.ReaderPage.GetScreenMessageByDeviceID() in D:\source-code\TIMECHECK\CMI\ADS_TIMECHECK_CMI\TAMSR2\TAMSR2\RequestPages\ReaderPage.aspx.cs:line 1814</Stack>
  </Exception>
</LogEntry>
<LogEntry>
  <Date>5/3/2021 12:03:23 AM</Date>
  <Exception>
    <Module>RequestPages/ReaderOpsPage.aspx.GerAll()</Module>
    <ErrorNumber>0</ErrorNumber>
    <Source>System.Data</Source>
    <Message>Index 0 is either negative or above rows count.</Message>
    <Stack>   at System.Data.DataView.GetRow(Int32 index)
   at System.Data.DataView.get_Item(Int32 recordIndex)
   at TAMSR2.RequestPages.ReaderPage.GetScreenMessageByDeviceID() in D:\source-code\TIMECHECK\CMI\ADS_TIMECHECK_CMI\TAMSR2\TAMSR2\RequestPages\ReaderPage.aspx.cs:line 1814</Stack>
  </Exception>
</LogEntry>
<LogEntry>
  <Date>5/3/2021 12:45:01 AM</Date>
  <Exception>
    <Module>RequestPages/ReaderOpsPage.aspx.GerAll()</Module>
    <ErrorNumber>0</ErrorNumber>
    <Source>System.Data</Source>
    <Message>Index 0 is either negative or above rows count.</Message>
    <Stack>   at System.Data.DataView.GetRow(Int32 index)
   at System.Data.DataView.get_Item(Int32 recordIndex)
   at TAMSR2.RequestPages.ReaderPage.GetScreenMessageByDeviceID() in D:\source-code\TIMECHECK\CMI\ADS_TIMECHECK_CMI\TAMSR2\TAMSR2\RequestPages\ReaderPage.aspx.cs:line 1814</Stack>
  </Exception>
</LogEntry>
<LogEntry>
  <Date>5/3/2021 12:47:57 AM</Date>
  <Exception>
    <Module>SqlDatabase.ExecuteProcedure() failed, SqlException Occurred</Module>
    <ErrorNumber>2812</ErrorNumber>
    <Source>.Net SqlClient Data Provider</Source>
    <Message>Could not find stored procedure 'TAMSR2_ReaderTypeOps'.</Message>
    <Stack>   at System.Data.SqlClient.SqlConnection.OnError(SqlException exception, Boolean breakConnection, Action`1 wrapCloseInAction)
   at System.Data.SqlClient.SqlInternalConnection.OnError(SqlException exception, Boolean breakConnection, Action`1 wrapCloseInAction)
   at System.Data.SqlClient.TdsParser.ThrowExceptionAndWarning(TdsParserStateObject stateObj, Boolean callerHasConnectionLock, Boolean asyncClose)
   at System.Data.SqlClient.TdsParser.TryRun(RunBehavior runBehavior, SqlCommand cmdHandler, SqlDataReader dataStream, BulkCopySimpleResultSet bulkCopyHandler, TdsParserStateObject stateObj, Boolean&amp; dataReady)
   at System.Data.SqlClient.SqlDataReader.TryConsumeMetaData()
   at System.Data.SqlClient.SqlDataReader.get_MetaData()
   at System.Data.SqlClient.SqlCommand.FinishExecuteReader(SqlDataReader ds, RunBehavior runBehavior, String resetOptionsString, Boolean isInternal, Boolean forDescribeParameterEncryption, Boolean shouldCacheForAlwaysEncrypted)
   at System.Data.SqlClient.SqlCommand.RunExecuteReaderTds(CommandBehavior cmdBehavior, RunBehavior runBehavior, Boolean returnStream, Boolean async, Int32 timeout, Task&amp; task, Boolean asyncWrite, Boolean inRetry, SqlDataReader ds, Boolean describeParameterEncryptionRequest)
   at System.Data.SqlClient.SqlCommand.RunExecuteReader(CommandBehavior cmdBehavior, RunBehavior runBehavior, Boolean returnStream, String method, TaskCompletionSource`1 completion, Int32 timeout, Task&amp; task, Boolean&amp; usedCache, Boolean asyncWrite, Boolean inRetry)
   at System.Data.SqlClient.SqlCommand.RunExecuteReader(CommandBehavior cmdBehavior, RunBehavior runBehavior, Boolean returnStream, String method)
   at System.Data.SqlClient.SqlCommand.ExecuteReader(CommandBehavior behavior, String method)
   at System.Data.SqlClient.SqlCommand.ExecuteDbDataReader(CommandBehavior behavior)
   at System.Data.Common.DbCommand.System.Data.IDbCommand.ExecuteReader(CommandBehavior behavior)
   at System.Data.Common.DbDataAdapter.FillInternal(DataSet dataset, DataTable[] datatables, Int32 startRecord, Int32 maxRecords, String srcTable, IDbCommand command, CommandBehavior behavior)
   at System.Data.Common.DbDataAdapter.Fill(DataSet dataSet, Int32 startRecord, Int32 maxRecords, String srcTable, IDbCommand command, CommandBehavior behavior)
   at System.Data.Common.DbDataAdapter.Fill(DataSet dataSet, String srcTable)
   at TAMSR2Framework.DAL.SqlDatabase.TAMSR2Framework.DAL.IConnectable.ExecuteProcedure(String strProcedure, Hashtable htParameters) in D:\source-code\TIMECHECK\CMI\ADS_TIMECHECK_CMI\TAMSR2Framework\TAMSR2Framework\DAL\SqlDatabase.cs:line 202</Stack>
  </Exception>
</LogEntry>
<LogEntry>
  <Date>5/3/2021 12:48:01 AM</Date>
  <Exception>
    <Module>RequestPages/ReaderOpsPage.aspx.GerAll()</Module>
    <ErrorNumber>0</ErrorNumber>
    <Source>System.Data</Source>
    <Message>Index 0 is either negative or above rows count.</Message>
    <Stack>   at System.Data.DataView.GetRow(Int32 index)
   at System.Data.DataView.get_Item(Int32 recordIndex)
   at TAMSR2.RequestPages.ReaderPage.GetScreenMessageByDeviceID() in D:\source-code\TIMECHECK\CMI\ADS_TIMECHECK_CMI\TAMSR2\TAMSR2\RequestPages\ReaderPage.aspx.cs:line 1814</Stack>
  </Exception>
</LogEntry>
<LogEntry>
  <Date>5/3/2021 1:04:39 AM</Date>
  <Exception>
    <Module>RequestPages/ReaderOpsPage.aspx.GerAll()</Module>
    <ErrorNumber>0</ErrorNumber>
    <Source>System.Data</Source>
    <Message>Index 0 is either negative or above rows count.</Message>
    <Stack>   at System.Data.DataView.GetRow(Int32 index)
   at System.Data.DataView.get_Item(Int32 recordIndex)
   at TAMSR2.RequestPages.ReaderPage.GetScreenMessageByDeviceID() in D:\source-code\TIMECHECK\CMI\ADS_TIMECHECK_CMI\TAMSR2\TAMSR2\RequestPages\ReaderPage.aspx.cs:line 1814</Stack>
  </Exception>
</LogEntry>
<LogEntry>
  <Date>5/3/2021 1:13:25 AM</Date>
  <Exception>
    <Module>RequestPages/ReaderOpsPage.aspx.GerAll()</Module>
    <ErrorNumber>0</ErrorNumber>
    <Source>System.Data</Source>
    <Message>Index 0 is either negative or above rows count.</Message>
    <Stack>   at System.Data.DataView.GetRow(Int32 index)
   at System.Data.DataView.get_Item(Int32 recordIndex)
   at TAMSR2.RequestPages.ReaderPage.GetScreenMessageByDeviceID() in D:\source-code\TIMECHECK\CMI\ADS_TIMECHECK_CMI\TAMSR2\TAMSR2\RequestPages\ReaderPage.aspx.cs:line 1814</Stack>
  </Exception>
</LogEntry>
<LogEntry>
  <Date>5/3/2021 1:16:13 AM</Date>
  <Exception>
    <Module>RequestPages/ReaderOpsPage.aspx.GerAll()</Module>
    <ErrorNumber>0</ErrorNumber>
    <Source>System.Data</Source>
    <Message>Index 0 is either negative or above rows count.</Message>
    <Stack>   at System.Data.DataView.GetRow(Int32 index)
   at System.Data.DataView.get_Item(Int32 recordIndex)
   at TAMSR2.RequestPages.ReaderPage.GetScreenMessageByDeviceID() in D:\source-code\TIMECHECK\CMI\ADS_TIMECHECK_CMI\TAMSR2\TAMSR2\RequestPages\ReaderPage.aspx.cs:line 1814</Stack>
  </Exception>
</LogEntry>
<LogEntry>
  <Date>5/3/2021 1:17:15 AM</Date>
  <Exception>
    <Module>RequestPages/ReaderOpsPage.aspx.GerAll()</Module>
    <ErrorNumber>0</ErrorNumber>
    <Source>System.Data</Source>
    <Message>Index 0 is either negative or above rows count.</Message>
    <Stack>   at System.Data.DataView.GetRow(Int32 index)
   at System.Data.DataView.get_Item(Int32 recordIndex)
   at TAMSR2.RequestPages.ReaderPage.GetScreenMessageByDeviceID() in D:\source-code\TIMECHECK\CMI\ADS_TIMECHECK_CMI\TAMSR2\TAMSR2\RequestPages\ReaderPage.aspx.cs:line 1814</Stack>
  </Exception>
</LogEntry>
<LogEntry>
  <Date>5/3/2021 1:17:31 AM</Date>
  <Exception>
    <Module>RequestPages/ReaderOpsPage.aspx.GerAll()</Module>
    <ErrorNumber>0</ErrorNumber>
    <Source>System.Data</Source>
    <Message>Index 0 is either negative or above rows count.</Message>
    <Stack>   at System.Data.DataView.GetRow(Int32 index)
   at System.Data.DataView.get_Item(Int32 recordIndex)
   at TAMSR2.RequestPages.ReaderPage.GetScreenMessageByDeviceID() in D:\source-code\TIMECHECK\CMI\ADS_TIMECHECK_CMI\TAMSR2\TAMSR2\RequestPages\ReaderPage.aspx.cs:line 1814</Stack>
  </Exception>
</LogEntry>
<LogEntry>
  <Date>5/3/2021 1:20:51 AM</Date>
  <Exception>
    <Module>RequestPages/ReaderOpsPage.aspx.GerAll()</Module>
    <ErrorNumber>0</ErrorNumber>
    <Source>System.Data</Source>
    <Message>Index 0 is either negative or above rows count.</Message>
    <Stack>   at System.Data.DataView.GetRow(Int32 index)
   at System.Data.DataView.get_Item(Int32 recordIndex)
   at TAMSR2.RequestPages.ReaderPage.GetScreenMessageByDeviceID() in D:\source-code\TIMECHECK\CMI\ADS_TIMECHECK_CMI\TAMSR2\TAMSR2\RequestPages\ReaderPage.aspx.cs:line 1814</Stack>
  </Exception>
</LogEntry>
<LogEntry>
  <Date>5/3/2021 5:02:34 PM</Date>
  <Exception>
    <Module>RequestPages/EmployeeLeavePage.aspx.GetAll()</Module>
    <ErrorNumber>0</ErrorNumber>
    <Source>System.Web</Source>
    <Message>Failed to map the path '/Uploads/employeeLeaves/attachement/MQ==.'.</Message>
    <Stack>   at System.Web.Configuration.ProcessHostMapPath.MapPathCaching(String siteID, VirtualPath path)
   at System.Web.Configuration.ProcessHostMapPath.System.Web.Configuration.IConfigMapPath2.MapPath(String siteID, VirtualPath path)
   at System.Web.Hosting.HostingEnvironment.MapPathActual(VirtualPath virtualPath, Boolean permitNull)
   at System.Web.Hosting.HostingEnvironment.MapPathInternal(VirtualPath virtualPath)
   at System.Web.VirtualPath.MapPathInternal()
   at System.Web.HttpRequest.MapPath(VirtualPath virtualPath, VirtualPath baseVirtualDir, Boolean allowCrossAppMapping)
   at System.Web.HttpServerUtility.MapPath(String path)
   at TAMSR2.RequestPages.EmployeeLeavePage.GetAll()</Stack>
  </Exception>
</LogEntry>
<LogEntry>
  <Date>5/3/2021 5:02:38 PM</Date>
  <Exception>
    <Module>RequestPages/EmployeeLeavePage.aspx.GetAll()</Module>
    <ErrorNumber>0</ErrorNumber>
    <Source>System.Web</Source>
    <Message>Failed to map the path '/Uploads/employeeLeaves/attachement/MQ==.'.</Message>
    <Stack>   at System.Web.Configuration.ProcessHostMapPath.MapPathCaching(String siteID, VirtualPath path)
   at System.Web.Configuration.ProcessHostMapPath.System.Web.Configuration.IConfigMapPath2.MapPath(String siteID, VirtualPath path)
   at System.Web.Hosting.HostingEnvironment.MapPathActual(VirtualPath virtualPath, Boolean permitNull)
   at System.Web.Hosting.HostingEnvironment.MapPathInternal(VirtualPath virtualPath)
   at System.Web.VirtualPath.MapPathInternal()
   at System.Web.HttpRequest.MapPath(VirtualPath virtualPath, VirtualPath baseVirtualDir, Boolean allowCrossAppMapping)
   at System.Web.HttpServerUtility.MapPath(String path)
   at TAMSR2.RequestPages.EmployeeLeavePage.GetAll()</Stack>
  </Exception>
</LogEntry>
<LogEntry>
  <Date>5/3/2021 5:03:37 PM</Date>
  <Exception>
    <Module>RequestPages/EmployeeLeavePage.aspx.GetAll()</Module>
    <ErrorNumber>0</ErrorNumber>
    <Source>System.Web</Source>
    <Message>Failed to map the path '/Uploads/employeeLeaves/attachement/MQ==.'.</Message>
    <Stack>   at System.Web.Configuration.ProcessHostMapPath.MapPathCaching(String siteID, VirtualPath path)
   at System.Web.Configuration.ProcessHostMapPath.System.Web.Configuration.IConfigMapPath2.MapPath(String siteID, VirtualPath path)
   at System.Web.Hosting.HostingEnvironment.MapPathActual(VirtualPath virtualPath, Boolean permitNull)
   at System.Web.Hosting.HostingEnvironment.MapPathInternal(VirtualPath virtualPath)
   at System.Web.VirtualPath.MapPathInternal()
   at System.Web.HttpRequest.MapPath(VirtualPath virtualPath, VirtualPath baseVirtualDir, Boolean allowCrossAppMapping)
   at System.Web.HttpServerUtility.MapPath(String path)
   at TAMSR2.RequestPages.EmployeeLeavePage.GetAll()</Stack>
  </Exception>
</LogEntry>
<LogEntry>
  <Date>5/3/2021 5:08:53 PM</Date>
  <Exception>
    <Module>RequestPages/EmployeeLeavePage.aspx.GetAll()</Module>
    <ErrorNumber>0</ErrorNumber>
    <Source>System.Web</Source>
    <Message>Failed to map the path '/Uploads/employeeLeaves/attachement/MQ==.'.</Message>
    <Stack>   at System.Web.Configuration.ProcessHostMapPath.MapPathCaching(String siteID, VirtualPath path)
   at System.Web.Configuration.ProcessHostMapPath.System.Web.Configuration.IConfigMapPath2.MapPath(String siteID, VirtualPath path)
   at System.Web.Hosting.HostingEnvironment.MapPathActual(VirtualPath virtualPath, Boolean permitNull)
   at System.Web.Hosting.HostingEnvironment.MapPathInternal(VirtualPath virtualPath)
   at System.Web.VirtualPath.MapPathInternal()
   at System.Web.HttpRequest.MapPath(VirtualPath virtualPath, VirtualPath baseVirtualDir, Boolean allowCrossAppMapping)
   at System.Web.HttpServerUtility.MapPath(String path)
   at TAMSR2.RequestPages.EmployeeLeavePage.GetAll()</Stack>
  </Exception>
</LogEntry>
<LogEntry>
  <Date>5/3/2021 5:10:30 PM</Date>
  <Exception>
    <Module>RequestPages/EmployeeLeavePage.aspx.GetAll()</Module>
    <ErrorNumber>0</ErrorNumber>
    <Source>System.Web</Source>
    <Message>Failed to map the path '/Uploads/employeeLeaves/attachement/MQ==.'.</Message>
    <Stack>   at System.Web.Configuration.ProcessHostMapPath.MapPathCaching(String siteID, VirtualPath path)
   at System.Web.Configuration.ProcessHostMapPath.System.Web.Configuration.IConfigMapPath2.MapPath(String siteID, VirtualPath path)
   at System.Web.Hosting.HostingEnvironment.MapPathActual(VirtualPath virtualPath, Boolean permitNull)
   at System.Web.Hosting.HostingEnvironment.MapPathInternal(VirtualPath virtualPath)
   at System.Web.VirtualPath.MapPathInternal()
   at System.Web.HttpRequest.MapPath(VirtualPath virtualPath, VirtualPath baseVirtualDir, Boolean allowCrossAppMapping)
   at System.Web.HttpServerUtility.MapPath(String path)
   at TAMSR2.RequestPages.EmployeeLeavePage.GetAll()</Stack>
  </Exception>
</LogEntry>
<LogEntry>
  <Date>5/3/2021 5:12:05 PM</Date>
  <Exception>
    <Module>RequestPages/EmployeeLeavePage.aspx.GetAll()</Module>
    <ErrorNumber>0</ErrorNumber>
    <Source>System.Web</Source>
    <Message>Failed to map the path '/Uploads/employeeLeaves/attachement/MQ==.'.</Message>
    <Stack>   at System.Web.Configuration.ProcessHostMapPath.MapPathCaching(String siteID, VirtualPath path)
   at System.Web.Configuration.ProcessHostMapPath.System.Web.Configuration.IConfigMapPath2.MapPath(String siteID, VirtualPath path)
   at System.Web.Hosting.HostingEnvironment.MapPathActual(VirtualPath virtualPath, Boolean permitNull)
   at System.Web.Hosting.HostingEnvironment.MapPathInternal(VirtualPath virtualPath)
   at System.Web.VirtualPath.MapPathInternal()
   at System.Web.HttpRequest.MapPath(VirtualPath virtualPath, VirtualPath baseVirtualDir, Boolean allowCrossAppMapping)
   at System.Web.HttpServerUtility.MapPath(String path)
   at TAMSR2.RequestPages.EmployeeLeavePage.GetAll()</Stack>
  </Exception>
</LogEntry>
<LogEntry>
  <Date>5/3/2021 5:15:33 PM</Date>
  <Exception>
    <Module>RequestPages/EmployeeLeavePage.aspx.GetAll()</Module>
    <ErrorNumber>0</ErrorNumber>
    <Source>System.Web</Source>
    <Message>Failed to map the path '/Uploads/employeeLeaves/attachement/MQ==.'.</Message>
    <Stack>   at System.Web.Configuration.ProcessHostMapPath.MapPathCaching(String siteID, VirtualPath path)
   at System.Web.Configuration.ProcessHostMapPath.System.Web.Configuration.IConfigMapPath2.MapPath(String siteID, VirtualPath path)
   at System.Web.Hosting.HostingEnvironment.MapPathActual(VirtualPath virtualPath, Boolean permitNull)
   at System.Web.Hosting.HostingEnvironment.MapPathInternal(VirtualPath virtualPath)
   at System.Web.VirtualPath.MapPathInternal()
   at System.Web.HttpRequest.MapPath(VirtualPath virtualPath, VirtualPath baseVirtualDir, Boolean allowCrossAppMapping)
   at System.Web.HttpServerUtility.MapPath(String path)
   at TAMSR2.RequestPages.EmployeeLeavePage.GetAll()</Stack>
  </Exception>
</LogEntry>
<LogEntry>
  <Date>5/3/2021 5:15:40 PM</Date>
  <Exception>
    <Module>RequestPages/EmployeeLeavePage.aspx.GetAll()</Module>
    <ErrorNumber>0</ErrorNumber>
    <Source>System.Web</Source>
    <Message>Failed to map the path '/Uploads/employeeLeaves/attachement/MQ==.'.</Message>
    <Stack>   at System.Web.Configuration.ProcessHostMapPath.MapPathCaching(String siteID, VirtualPath path)
   at System.Web.Configuration.ProcessHostMapPath.System.Web.Configuration.IConfigMapPath2.MapPath(String siteID, VirtualPath path)
   at System.Web.Hosting.HostingEnvironment.MapPathActual(VirtualPath virtualPath, Boolean permitNull)
   at System.Web.Hosting.HostingEnvironment.MapPathInternal(VirtualPath virtualPath)
   at System.Web.VirtualPath.MapPathInternal()
   at System.Web.HttpRequest.MapPath(VirtualPath virtualPath, VirtualPath baseVirtualDir, Boolean allowCrossAppMapping)
   at System.Web.HttpServerUtility.MapPath(String path)
   at TAMSR2.RequestPages.EmployeeLeavePage.GetAll()</Stack>
  </Exception>
</LogEntry>
<LogEntry>
  <Date>5/3/2021 5:19:51 PM</Date>
  <Exception>
    <Module>RequestPages/EmployeeLeavePage.aspx.GetAll()</Module>
    <ErrorNumber>0</ErrorNumber>
    <Source>System.Web</Source>
    <Message>Failed to map the path '/Uploads/employeeLeaves/attachement/MQ==.'.</Message>
    <Stack>   at System.Web.Configuration.ProcessHostMapPath.MapPathCaching(String siteID, VirtualPath path)
   at System.Web.Configuration.ProcessHostMapPath.System.Web.Configuration.IConfigMapPath2.MapPath(String siteID, VirtualPath path)
   at System.Web.Hosting.HostingEnvironment.MapPathActual(VirtualPath virtualPath, Boolean permitNull)
   at System.Web.Hosting.HostingEnvironment.MapPathInternal(VirtualPath virtualPath)
   at System.Web.VirtualPath.MapPathInternal()
   at System.Web.HttpRequest.MapPath(VirtualPath virtualPath, VirtualPath baseVirtualDir, Boolean allowCrossAppMapping)
   at System.Web.HttpServerUtility.MapPath(String path)
   at TAMSR2.RequestPages.EmployeeLeavePage.GetAll()</Stack>
  </Exception>
</LogEntry>
<LogEntry>
  <Date>5/3/2021 5:20:10 PM</Date>
  <Exception>
    <Module>RequestPages/EmployeeLeavePage.aspx.GetAll()</Module>
    <ErrorNumber>0</ErrorNumber>
    <Source>System.Web</Source>
    <Message>Failed to map the path '/Uploads/employeeLeaves/attachement/MQ==.'.</Message>
    <Stack>   at System.Web.Configuration.ProcessHostMapPath.MapPathCaching(String siteID, VirtualPath path)
   at System.Web.Configuration.ProcessHostMapPath.System.Web.Configuration.IConfigMapPath2.MapPath(String siteID, VirtualPath path)
   at System.Web.Hosting.HostingEnvironment.MapPathActual(VirtualPath virtualPath, Boolean permitNull)
   at System.Web.Hosting.HostingEnvironment.MapPathInternal(VirtualPath virtualPath)
   at System.Web.VirtualPath.MapPathInternal()
   at System.Web.HttpRequest.MapPath(VirtualPath virtualPath, VirtualPath baseVirtualDir, Boolean allowCrossAppMapping)
   at System.Web.HttpServerUtility.MapPath(String path)
   at TAMSR2.RequestPages.EmployeeLeavePage.GetAll()</Stack>
  </Exception>
</LogEntry>
