<LogEntry>
  <Date>4/5/2021 11:40:27 AM</Date>
  <Exception>
    <Module>SqlDatabase.ExecuteProcedure() failed, SqlException Occurred</Module>
    <ErrorNumber>2812</ErrorNumber>
    <Source>.Net SqlClient Data Provider</Source>
    <Message>Could not find stored procedure 'TAMSR2_ReaderTypeOps'.</Message>
    <Stack>   at System.Data.SqlClient.SqlConnection.OnError(SqlException exception, Boolean breakConnection, Action`1 wrapCloseInAction)
   at System.Data.SqlClient.SqlInternalConnection.OnError(SqlException exception, Boolean breakConnection, Action`1 wrapCloseInAction)
   at System.Data.SqlClient.TdsParser.ThrowExceptionAndWarning(TdsParserStateObject stateObj, Boolean callerHasConnectionLock, Boolean asyncClose)
   at System.Data.SqlClient.TdsParser.TryRun(RunBehavior runBehavior, SqlCommand cmdHandler, SqlDataReader dataStream, BulkCopySimpleResultSet bulkCopyHandler, TdsParserStateObject stateObj, Boolean&amp; dataReady)
   at System.Data.SqlClient.SqlDataReader.TryConsumeMetaData()
   at System.Data.SqlClient.SqlDataReader.get_MetaData()
   at System.Data.SqlClient.SqlCommand.FinishExecuteReader(SqlDataReader ds, RunBehavior runBehavior, String resetOptionsString, Boolean isInternal, Boolean forDescribeParameterEncryption, Boolean shouldCacheForAlwaysEncrypted)
   at System.Data.SqlClient.SqlCommand.RunExecuteReaderTds(CommandBehavior cmdBehavior, RunBehavior runBehavior, Boolean returnStream, Boolean async, Int32 timeout, Task&amp; task, Boolean asyncWrite, Boolean inRetry, SqlDataReader ds, Boolean describeParameterEncryptionRequest)
   at System.Data.SqlClient.SqlCommand.RunExecuteReader(CommandBehavior cmdBehavior, RunBehavior runBehavior, Boolean returnStream, String method, TaskCompletionSource`1 completion, Int32 timeout, Task&amp; task, Boolean&amp; usedCache, Boolean asyncWrite, Boolean inRetry)
   at System.Data.SqlClient.SqlCommand.RunExecuteReader(CommandBehavior cmdBehavior, RunBehavior runBehavior, Boolean returnStream, String method)
   at System.Data.SqlClient.SqlCommand.ExecuteReader(CommandBehavior behavior, String method)
   at System.Data.SqlClient.SqlCommand.ExecuteDbDataReader(CommandBehavior behavior)
   at System.Data.Common.DbCommand.System.Data.IDbCommand.ExecuteReader(CommandBehavior behavior)
   at System.Data.Common.DbDataAdapter.FillInternal(DataSet dataset, DataTable[] datatables, Int32 startRecord, Int32 maxRecords, String srcTable, IDbCommand command, CommandBehavior behavior)
   at System.Data.Common.DbDataAdapter.Fill(DataSet dataSet, Int32 startRecord, Int32 maxRecords, String srcTable, IDbCommand command, CommandBehavior behavior)
   at System.Data.Common.DbDataAdapter.Fill(DataSet dataSet, String srcTable)
   at TAMSR2Framework.DAL.SqlDatabase.TAMSR2Framework.DAL.IConnectable.ExecuteProcedure(String strProcedure, Hashtable htParameters) in F:\SirMuneeb\Agile Project\Projects\ADS-TIMECHECK-SAMBA\TAMSR2Framework\TAMSR2Framework\DAL\SqlDatabase.cs:line 202</Stack>
  </Exception>
</LogEntry>
<LogEntry>
  <Date>4/5/2021 11:52:41 AM</Date>
  <Exception>
    <Module>SqlDatabase.ExecuteProcedure() failed, SqlException Occurred</Module>
    <ErrorNumber>2812</ErrorNumber>
    <Source>.Net SqlClient Data Provider</Source>
    <Message>Could not find stored procedure 'TAMSR2_ReaderTypeOps'.</Message>
    <Stack>   at System.Data.SqlClient.SqlConnection.OnError(SqlException exception, Boolean breakConnection, Action`1 wrapCloseInAction)
   at System.Data.SqlClient.SqlInternalConnection.OnError(SqlException exception, Boolean breakConnection, Action`1 wrapCloseInAction)
   at System.Data.SqlClient.TdsParser.ThrowExceptionAndWarning(TdsParserStateObject stateObj, Boolean callerHasConnectionLock, Boolean asyncClose)
   at System.Data.SqlClient.TdsParser.TryRun(RunBehavior runBehavior, SqlCommand cmdHandler, SqlDataReader dataStream, BulkCopySimpleResultSet bulkCopyHandler, TdsParserStateObject stateObj, Boolean&amp; dataReady)
   at System.Data.SqlClient.SqlDataReader.TryConsumeMetaData()
   at System.Data.SqlClient.SqlDataReader.get_MetaData()
   at System.Data.SqlClient.SqlCommand.FinishExecuteReader(SqlDataReader ds, RunBehavior runBehavior, String resetOptionsString, Boolean isInternal, Boolean forDescribeParameterEncryption, Boolean shouldCacheForAlwaysEncrypted)
   at System.Data.SqlClient.SqlCommand.RunExecuteReaderTds(CommandBehavior cmdBehavior, RunBehavior runBehavior, Boolean returnStream, Boolean async, Int32 timeout, Task&amp; task, Boolean asyncWrite, Boolean inRetry, SqlDataReader ds, Boolean describeParameterEncryptionRequest)
   at System.Data.SqlClient.SqlCommand.RunExecuteReader(CommandBehavior cmdBehavior, RunBehavior runBehavior, Boolean returnStream, String method, TaskCompletionSource`1 completion, Int32 timeout, Task&amp; task, Boolean&amp; usedCache, Boolean asyncWrite, Boolean inRetry)
   at System.Data.SqlClient.SqlCommand.RunExecuteReader(CommandBehavior cmdBehavior, RunBehavior runBehavior, Boolean returnStream, String method)
   at System.Data.SqlClient.SqlCommand.ExecuteReader(CommandBehavior behavior, String method)
   at System.Data.SqlClient.SqlCommand.ExecuteDbDataReader(CommandBehavior behavior)
   at System.Data.Common.DbCommand.System.Data.IDbCommand.ExecuteReader(CommandBehavior behavior)
   at System.Data.Common.DbDataAdapter.FillInternal(DataSet dataset, DataTable[] datatables, Int32 startRecord, Int32 maxRecords, String srcTable, IDbCommand command, CommandBehavior behavior)
   at System.Data.Common.DbDataAdapter.Fill(DataSet dataSet, Int32 startRecord, Int32 maxRecords, String srcTable, IDbCommand command, CommandBehavior behavior)
   at System.Data.Common.DbDataAdapter.Fill(DataSet dataSet, String srcTable)
   at TAMSR2Framework.DAL.SqlDatabase.TAMSR2Framework.DAL.IConnectable.ExecuteProcedure(String strProcedure, Hashtable htParameters) in F:\SirMuneeb\Agile Project\Projects\ADS-TIMECHECK-SAMBA\TAMSR2Framework\TAMSR2Framework\DAL\SqlDatabase.cs:line 202</Stack>
  </Exception>
</LogEntry>
<LogEntry>
  <Date>4/5/2021 12:06:10 PM</Date>
  <Exception>
    <Module>SqlDatabase.ExecuteProcedure() failed, SqlException Occurred</Module>
    <ErrorNumber>2812</ErrorNumber>
    <Source>.Net SqlClient Data Provider</Source>
    <Message>Could not find stored procedure 'TAMSR2_ReaderTypeOps'.</Message>
    <Stack>   at System.Data.SqlClient.SqlConnection.OnError(SqlException exception, Boolean breakConnection, Action`1 wrapCloseInAction)
   at System.Data.SqlClient.SqlInternalConnection.OnError(SqlException exception, Boolean breakConnection, Action`1 wrapCloseInAction)
   at System.Data.SqlClient.TdsParser.ThrowExceptionAndWarning(TdsParserStateObject stateObj, Boolean callerHasConnectionLock, Boolean asyncClose)
   at System.Data.SqlClient.TdsParser.TryRun(RunBehavior runBehavior, SqlCommand cmdHandler, SqlDataReader dataStream, BulkCopySimpleResultSet bulkCopyHandler, TdsParserStateObject stateObj, Boolean&amp; dataReady)
   at System.Data.SqlClient.SqlDataReader.TryConsumeMetaData()
   at System.Data.SqlClient.SqlDataReader.get_MetaData()
   at System.Data.SqlClient.SqlCommand.FinishExecuteReader(SqlDataReader ds, RunBehavior runBehavior, String resetOptionsString, Boolean isInternal, Boolean forDescribeParameterEncryption, Boolean shouldCacheForAlwaysEncrypted)
   at System.Data.SqlClient.SqlCommand.RunExecuteReaderTds(CommandBehavior cmdBehavior, RunBehavior runBehavior, Boolean returnStream, Boolean async, Int32 timeout, Task&amp; task, Boolean asyncWrite, Boolean inRetry, SqlDataReader ds, Boolean describeParameterEncryptionRequest)
   at System.Data.SqlClient.SqlCommand.RunExecuteReader(CommandBehavior cmdBehavior, RunBehavior runBehavior, Boolean returnStream, String method, TaskCompletionSource`1 completion, Int32 timeout, Task&amp; task, Boolean&amp; usedCache, Boolean asyncWrite, Boolean inRetry)
   at System.Data.SqlClient.SqlCommand.RunExecuteReader(CommandBehavior cmdBehavior, RunBehavior runBehavior, Boolean returnStream, String method)
   at System.Data.SqlClient.SqlCommand.ExecuteReader(CommandBehavior behavior, String method)
   at System.Data.SqlClient.SqlCommand.ExecuteDbDataReader(CommandBehavior behavior)
   at System.Data.Common.DbCommand.System.Data.IDbCommand.ExecuteReader(CommandBehavior behavior)
   at System.Data.Common.DbDataAdapter.FillInternal(DataSet dataset, DataTable[] datatables, Int32 startRecord, Int32 maxRecords, String srcTable, IDbCommand command, CommandBehavior behavior)
   at System.Data.Common.DbDataAdapter.Fill(DataSet dataSet, Int32 startRecord, Int32 maxRecords, String srcTable, IDbCommand command, CommandBehavior behavior)
   at System.Data.Common.DbDataAdapter.Fill(DataSet dataSet, String srcTable)
   at TAMSR2Framework.DAL.SqlDatabase.TAMSR2Framework.DAL.IConnectable.ExecuteProcedure(String strProcedure, Hashtable htParameters) in F:\SirMuneeb\Agile Project\Projects\ADS-TIMECHECK-SAMBA\TAMSR2Framework\TAMSR2Framework\DAL\SqlDatabase.cs:line 202</Stack>
  </Exception>
</LogEntry>
<LogEntry>
  <Date>4/5/2021 1:00:46 PM</Date>
  <Exception>
    <Module>SqlDatabase.ExecuteProcedure() failed, SqlException Occurred</Module>
    <ErrorNumber>2812</ErrorNumber>
    <Source>.Net SqlClient Data Provider</Source>
    <Message>Could not find stored procedure 'TAMSR2_ReaderTypeOps'.</Message>
    <Stack>   at System.Data.SqlClient.SqlConnection.OnError(SqlException exception, Boolean breakConnection, Action`1 wrapCloseInAction)
   at System.Data.SqlClient.SqlInternalConnection.OnError(SqlException exception, Boolean breakConnection, Action`1 wrapCloseInAction)
   at System.Data.SqlClient.TdsParser.ThrowExceptionAndWarning(TdsParserStateObject stateObj, Boolean callerHasConnectionLock, Boolean asyncClose)
   at System.Data.SqlClient.TdsParser.TryRun(RunBehavior runBehavior, SqlCommand cmdHandler, SqlDataReader dataStream, BulkCopySimpleResultSet bulkCopyHandler, TdsParserStateObject stateObj, Boolean&amp; dataReady)
   at System.Data.SqlClient.SqlDataReader.TryConsumeMetaData()
   at System.Data.SqlClient.SqlDataReader.get_MetaData()
   at System.Data.SqlClient.SqlCommand.FinishExecuteReader(SqlDataReader ds, RunBehavior runBehavior, String resetOptionsString, Boolean isInternal, Boolean forDescribeParameterEncryption, Boolean shouldCacheForAlwaysEncrypted)
   at System.Data.SqlClient.SqlCommand.RunExecuteReaderTds(CommandBehavior cmdBehavior, RunBehavior runBehavior, Boolean returnStream, Boolean async, Int32 timeout, Task&amp; task, Boolean asyncWrite, Boolean inRetry, SqlDataReader ds, Boolean describeParameterEncryptionRequest)
   at System.Data.SqlClient.SqlCommand.RunExecuteReader(CommandBehavior cmdBehavior, RunBehavior runBehavior, Boolean returnStream, String method, TaskCompletionSource`1 completion, Int32 timeout, Task&amp; task, Boolean&amp; usedCache, Boolean asyncWrite, Boolean inRetry)
   at System.Data.SqlClient.SqlCommand.RunExecuteReader(CommandBehavior cmdBehavior, RunBehavior runBehavior, Boolean returnStream, String method)
   at System.Data.SqlClient.SqlCommand.ExecuteReader(CommandBehavior behavior, String method)
   at System.Data.SqlClient.SqlCommand.ExecuteDbDataReader(CommandBehavior behavior)
   at System.Data.Common.DbCommand.System.Data.IDbCommand.ExecuteReader(CommandBehavior behavior)
   at System.Data.Common.DbDataAdapter.FillInternal(DataSet dataset, DataTable[] datatables, Int32 startRecord, Int32 maxRecords, String srcTable, IDbCommand command, CommandBehavior behavior)
   at System.Data.Common.DbDataAdapter.Fill(DataSet dataSet, Int32 startRecord, Int32 maxRecords, String srcTable, IDbCommand command, CommandBehavior behavior)
   at System.Data.Common.DbDataAdapter.Fill(DataSet dataSet, String srcTable)
   at TAMSR2Framework.DAL.SqlDatabase.TAMSR2Framework.DAL.IConnectable.ExecuteProcedure(String strProcedure, Hashtable htParameters) in F:\SirMuneeb\Agile Project\Projects\ADS-TIMECHECK-SAMBA\TAMSR2Framework\TAMSR2Framework\DAL\SqlDatabase.cs:line 202</Stack>
  </Exception>
</LogEntry>
<LogEntry>
  <Date>4/5/2021 1:02:15 PM</Date>
  <Exception>
    <Module>RequestPages/ReaderOpsPage.aspx.GerAll()</Module>
    <ErrorNumber>0</ErrorNumber>
    <Source>System.Data</Source>
    <Message>Index 0 is either negative or above rows count.</Message>
    <Stack>   at System.Data.DataView.GetRow(Int32 index)
   at System.Data.DataView.get_Item(Int32 recordIndex)
   at TAMSR2.RequestPages.ReaderPage.GetScreenMessageByDeviceID() in F:\SirMuneeb\Agile Project\Projects\ADS-TIMECHECK-SAMBA\TAMSR2\TAMSR2\RequestPages\ReaderPage.aspx.cs:line 892</Stack>
  </Exception>
</LogEntry>
<LogEntry>
  <Date>4/5/2021 1:16:01 PM</Date>
  <Exception>
    <Module>RequestPages/ReaderOpsPage.aspx.GerAll()</Module>
    <ErrorNumber>0</ErrorNumber>
    <Source>System.Data</Source>
    <Message>Index 0 is either negative or above rows count.</Message>
    <Stack>   at System.Data.DataView.GetRow(Int32 index)
   at System.Data.DataView.get_Item(Int32 recordIndex)
   at TAMSR2.RequestPages.ReaderPage.GetScreenMessageByDeviceID() in F:\SirMuneeb\Agile Project\Projects\ADS-TIMECHECK-SAMBA\TAMSR2\TAMSR2\RequestPages\ReaderPage.aspx.cs:line 892</Stack>
  </Exception>
</LogEntry>
<LogEntry>
  <Date>4/5/2021 1:18:52 PM</Date>
  <Exception>
    <Module>RequestPages/ReaderOpsPage.aspx.GerAll()</Module>
    <ErrorNumber>0</ErrorNumber>
    <Source>System.Data</Source>
    <Message>Index 0 is either negative or above rows count.</Message>
    <Stack>   at System.Data.DataView.GetRow(Int32 index)
   at System.Data.DataView.get_Item(Int32 recordIndex)
   at TAMSR2.RequestPages.ReaderPage.GetScreenMessageByDeviceID() in F:\SirMuneeb\Agile Project\Projects\ADS-TIMECHECK-SAMBA\TAMSR2\TAMSR2\RequestPages\ReaderPage.aspx.cs:line 892</Stack>
  </Exception>
</LogEntry>
<LogEntry>
  <Date>4/5/2021 1:21:30 PM</Date>
  <Exception>
    <Module>RequestPages/ReaderOpsPage.aspx.GerAll()</Module>
    <ErrorNumber>0</ErrorNumber>
    <Source>System.Data</Source>
    <Message>Index 0 is either negative or above rows count.</Message>
    <Stack>   at System.Data.DataView.GetRow(Int32 index)
   at System.Data.DataView.get_Item(Int32 recordIndex)
   at TAMSR2.RequestPages.ReaderPage.GetScreenMessageByDeviceID() in F:\SirMuneeb\Agile Project\Projects\ADS-TIMECHECK-SAMBA\TAMSR2\TAMSR2\RequestPages\ReaderPage.aspx.cs:line 892</Stack>
  </Exception>
</LogEntry>
<LogEntry>
  <Date>4/5/2021 1:22:36 PM</Date>
  <Exception>
    <Module>RequestPages/ReaderOpsPage.aspx.GerAll()</Module>
    <ErrorNumber>0</ErrorNumber>
    <Source>System.Data</Source>
    <Message>Index 0 is either negative or above rows count.</Message>
    <Stack>   at System.Data.DataView.GetRow(Int32 index)
   at System.Data.DataView.get_Item(Int32 recordIndex)
   at TAMSR2.RequestPages.ReaderPage.GetScreenMessageByDeviceID() in F:\SirMuneeb\Agile Project\Projects\ADS-TIMECHECK-SAMBA\TAMSR2\TAMSR2\RequestPages\ReaderPage.aspx.cs:line 892</Stack>
  </Exception>
</LogEntry>
<LogEntry>
  <Date>4/5/2021 1:24:04 PM</Date>
  <Exception>
    <Module>RequestPages/ReaderOpsPage.aspx.GerAll()</Module>
    <ErrorNumber>0</ErrorNumber>
    <Source>System.Data</Source>
    <Message>Index 0 is either negative or above rows count.</Message>
    <Stack>   at System.Data.DataView.GetRow(Int32 index)
   at System.Data.DataView.get_Item(Int32 recordIndex)
   at TAMSR2.RequestPages.ReaderPage.GetScreenMessageByDeviceID() in F:\SirMuneeb\Agile Project\Projects\ADS-TIMECHECK-SAMBA\TAMSR2\TAMSR2\RequestPages\ReaderPage.aspx.cs:line 892</Stack>
  </Exception>
</LogEntry>
<LogEntry>
  <Date>4/5/2021 1:25:19 PM</Date>
  <Exception>
    <Module>RequestPages/ReaderOpsPage.aspx.GerAll()</Module>
    <ErrorNumber>0</ErrorNumber>
    <Source>System.Data</Source>
    <Message>Index 0 is either negative or above rows count.</Message>
    <Stack>   at System.Data.DataView.GetRow(Int32 index)
   at System.Data.DataView.get_Item(Int32 recordIndex)
   at TAMSR2.RequestPages.ReaderPage.GetScreenMessageByDeviceID() in F:\SirMuneeb\Agile Project\Projects\ADS-TIMECHECK-SAMBA\TAMSR2\TAMSR2\RequestPages\ReaderPage.aspx.cs:line 892</Stack>
  </Exception>
</LogEntry>
<LogEntry>
  <Date>4/5/2021 1:25:59 PM</Date>
  <Exception>
    <Module>RequestPages/ReaderOpsPage.aspx.GerAll()</Module>
    <ErrorNumber>0</ErrorNumber>
    <Source>System.Data</Source>
    <Message>Index 0 is either negative or above rows count.</Message>
    <Stack>   at System.Data.DataView.GetRow(Int32 index)
   at System.Data.DataView.get_Item(Int32 recordIndex)
   at TAMSR2.RequestPages.ReaderPage.GetScreenMessageByDeviceID() in F:\SirMuneeb\Agile Project\Projects\ADS-TIMECHECK-SAMBA\TAMSR2\TAMSR2\RequestPages\ReaderPage.aspx.cs:line 892</Stack>
  </Exception>
</LogEntry>
<LogEntry>
  <Date>4/5/2021 1:26:29 PM</Date>
  <Exception>
    <Module>SqlDatabase.ExecuteProcedure() failed, SqlException Occurred</Module>
    <ErrorNumber>2812</ErrorNumber>
    <Source>.Net SqlClient Data Provider</Source>
    <Message>Could not find stored procedure 'TAMSR2_ReaderTypeOps'.</Message>
    <Stack>   at System.Data.SqlClient.SqlConnection.OnError(SqlException exception, Boolean breakConnection, Action`1 wrapCloseInAction)
   at System.Data.SqlClient.SqlInternalConnection.OnError(SqlException exception, Boolean breakConnection, Action`1 wrapCloseInAction)
   at System.Data.SqlClient.TdsParser.ThrowExceptionAndWarning(TdsParserStateObject stateObj, Boolean callerHasConnectionLock, Boolean asyncClose)
   at System.Data.SqlClient.TdsParser.TryRun(RunBehavior runBehavior, SqlCommand cmdHandler, SqlDataReader dataStream, BulkCopySimpleResultSet bulkCopyHandler, TdsParserStateObject stateObj, Boolean&amp; dataReady)
   at System.Data.SqlClient.SqlDataReader.TryConsumeMetaData()
   at System.Data.SqlClient.SqlDataReader.get_MetaData()
   at System.Data.SqlClient.SqlCommand.FinishExecuteReader(SqlDataReader ds, RunBehavior runBehavior, String resetOptionsString, Boolean isInternal, Boolean forDescribeParameterEncryption, Boolean shouldCacheForAlwaysEncrypted)
   at System.Data.SqlClient.SqlCommand.RunExecuteReaderTds(CommandBehavior cmdBehavior, RunBehavior runBehavior, Boolean returnStream, Boolean async, Int32 timeout, Task&amp; task, Boolean asyncWrite, Boolean inRetry, SqlDataReader ds, Boolean describeParameterEncryptionRequest)
   at System.Data.SqlClient.SqlCommand.RunExecuteReader(CommandBehavior cmdBehavior, RunBehavior runBehavior, Boolean returnStream, String method, TaskCompletionSource`1 completion, Int32 timeout, Task&amp; task, Boolean&amp; usedCache, Boolean asyncWrite, Boolean inRetry)
   at System.Data.SqlClient.SqlCommand.RunExecuteReader(CommandBehavior cmdBehavior, RunBehavior runBehavior, Boolean returnStream, String method)
   at System.Data.SqlClient.SqlCommand.ExecuteReader(CommandBehavior behavior, String method)
   at System.Data.SqlClient.SqlCommand.ExecuteDbDataReader(CommandBehavior behavior)
   at System.Data.Common.DbCommand.System.Data.IDbCommand.ExecuteReader(CommandBehavior behavior)
   at System.Data.Common.DbDataAdapter.FillInternal(DataSet dataset, DataTable[] datatables, Int32 startRecord, Int32 maxRecords, String srcTable, IDbCommand command, CommandBehavior behavior)
   at System.Data.Common.DbDataAdapter.Fill(DataSet dataSet, Int32 startRecord, Int32 maxRecords, String srcTable, IDbCommand command, CommandBehavior behavior)
   at System.Data.Common.DbDataAdapter.Fill(DataSet dataSet, String srcTable)
   at TAMSR2Framework.DAL.SqlDatabase.TAMSR2Framework.DAL.IConnectable.ExecuteProcedure(String strProcedure, Hashtable htParameters) in F:\SirMuneeb\Agile Project\Projects\ADS-TIMECHECK-SAMBA\TAMSR2Framework\TAMSR2Framework\DAL\SqlDatabase.cs:line 202</Stack>
  </Exception>
</LogEntry>
<LogEntry>
  <Date>4/5/2021 1:27:54 PM</Date>
  <Exception>
    <Module>RequestPages/ReaderOpsPage.aspx.GerAll()</Module>
    <ErrorNumber>0</ErrorNumber>
    <Source>System.Data</Source>
    <Message>Index 0 is either negative or above rows count.</Message>
    <Stack>   at System.Data.DataView.GetRow(Int32 index)
   at System.Data.DataView.get_Item(Int32 recordIndex)
   at TAMSR2.RequestPages.ReaderPage.GetScreenMessageByDeviceID() in F:\SirMuneeb\Agile Project\Projects\ADS-TIMECHECK-SAMBA\TAMSR2\TAMSR2\RequestPages\ReaderPage.aspx.cs:line 892</Stack>
  </Exception>
</LogEntry>
<LogEntry>
  <Date>4/5/2021 1:28:44 PM</Date>
  <Exception>
    <Module>RequestPages/ReaderOpsPage.aspx.GerAll()</Module>
    <ErrorNumber>0</ErrorNumber>
    <Source>System.Data</Source>
    <Message>Index 0 is either negative or above rows count.</Message>
    <Stack>   at System.Data.DataView.GetRow(Int32 index)
   at System.Data.DataView.get_Item(Int32 recordIndex)
   at TAMSR2.RequestPages.ReaderPage.GetScreenMessageByDeviceID() in F:\SirMuneeb\Agile Project\Projects\ADS-TIMECHECK-SAMBA\TAMSR2\TAMSR2\RequestPages\ReaderPage.aspx.cs:line 892</Stack>
  </Exception>
</LogEntry>
<LogEntry>
  <Date>4/5/2021 1:31:08 PM</Date>
  <Exception>
    <Module>SqlDatabase.ExecuteProcedure() failed, SqlException Occurred</Module>
    <ErrorNumber>2812</ErrorNumber>
    <Source>.Net SqlClient Data Provider</Source>
    <Message>Could not find stored procedure 'TAMSR2_ReaderTypeOps'.</Message>
    <Stack>   at System.Data.SqlClient.SqlConnection.OnError(SqlException exception, Boolean breakConnection, Action`1 wrapCloseInAction)
   at System.Data.SqlClient.SqlInternalConnection.OnError(SqlException exception, Boolean breakConnection, Action`1 wrapCloseInAction)
   at System.Data.SqlClient.TdsParser.ThrowExceptionAndWarning(TdsParserStateObject stateObj, Boolean callerHasConnectionLock, Boolean asyncClose)
   at System.Data.SqlClient.TdsParser.TryRun(RunBehavior runBehavior, SqlCommand cmdHandler, SqlDataReader dataStream, BulkCopySimpleResultSet bulkCopyHandler, TdsParserStateObject stateObj, Boolean&amp; dataReady)
   at System.Data.SqlClient.SqlDataReader.TryConsumeMetaData()
   at System.Data.SqlClient.SqlDataReader.get_MetaData()
   at System.Data.SqlClient.SqlCommand.FinishExecuteReader(SqlDataReader ds, RunBehavior runBehavior, String resetOptionsString, Boolean isInternal, Boolean forDescribeParameterEncryption, Boolean shouldCacheForAlwaysEncrypted)
   at System.Data.SqlClient.SqlCommand.RunExecuteReaderTds(CommandBehavior cmdBehavior, RunBehavior runBehavior, Boolean returnStream, Boolean async, Int32 timeout, Task&amp; task, Boolean asyncWrite, Boolean inRetry, SqlDataReader ds, Boolean describeParameterEncryptionRequest)
   at System.Data.SqlClient.SqlCommand.RunExecuteReader(CommandBehavior cmdBehavior, RunBehavior runBehavior, Boolean returnStream, String method, TaskCompletionSource`1 completion, Int32 timeout, Task&amp; task, Boolean&amp; usedCache, Boolean asyncWrite, Boolean inRetry)
   at System.Data.SqlClient.SqlCommand.RunExecuteReader(CommandBehavior cmdBehavior, RunBehavior runBehavior, Boolean returnStream, String method)
   at System.Data.SqlClient.SqlCommand.ExecuteReader(CommandBehavior behavior, String method)
   at System.Data.SqlClient.SqlCommand.ExecuteDbDataReader(CommandBehavior behavior)
   at System.Data.Common.DbCommand.System.Data.IDbCommand.ExecuteReader(CommandBehavior behavior)
   at System.Data.Common.DbDataAdapter.FillInternal(DataSet dataset, DataTable[] datatables, Int32 startRecord, Int32 maxRecords, String srcTable, IDbCommand command, CommandBehavior behavior)
   at System.Data.Common.DbDataAdapter.Fill(DataSet dataSet, Int32 startRecord, Int32 maxRecords, String srcTable, IDbCommand command, CommandBehavior behavior)
   at System.Data.Common.DbDataAdapter.Fill(DataSet dataSet, String srcTable)
   at TAMSR2Framework.DAL.SqlDatabase.TAMSR2Framework.DAL.IConnectable.ExecuteProcedure(String strProcedure, Hashtable htParameters) in F:\SirMuneeb\Agile Project\Projects\ADS-TIMECHECK-SAMBA\TAMSR2Framework\TAMSR2Framework\DAL\SqlDatabase.cs:line 202</Stack>
  </Exception>
</LogEntry>
<LogEntry>
  <Date>4/5/2021 1:31:18 PM</Date>
  <Exception>
    <Module>RequestPages/ReaderOpsPage.aspx.GerAll()</Module>
    <ErrorNumber>0</ErrorNumber>
    <Source>System.Data</Source>
    <Message>Index 0 is either negative or above rows count.</Message>
    <Stack>   at System.Data.DataView.GetRow(Int32 index)
   at System.Data.DataView.get_Item(Int32 recordIndex)
   at TAMSR2.RequestPages.ReaderPage.GetScreenMessageByDeviceID() in F:\SirMuneeb\Agile Project\Projects\ADS-TIMECHECK-SAMBA\TAMSR2\TAMSR2\RequestPages\ReaderPage.aspx.cs:line 892</Stack>
  </Exception>
</LogEntry>
<LogEntry>
  <Date>4/5/2021 1:38:08 PM</Date>
  <Exception>
    <Module>RequestPages/ReaderOpsPage.aspx.GerAll()</Module>
    <ErrorNumber>0</ErrorNumber>
    <Source>System.Data</Source>
    <Message>Index 0 is either negative or above rows count.</Message>
    <Stack>   at System.Data.DataView.GetRow(Int32 index)
   at System.Data.DataView.get_Item(Int32 recordIndex)
   at TAMSR2.RequestPages.ReaderPage.GetScreenMessageByDeviceID() in F:\SirMuneeb\Agile Project\Projects\ADS-TIMECHECK-SAMBA\TAMSR2\TAMSR2\RequestPages\ReaderPage.aspx.cs:line 892</Stack>
  </Exception>
</LogEntry>
<LogEntry>
  <Date>4/5/2021 1:38:49 PM</Date>
  <Exception>
    <Module>SqlDatabase.ExecuteProcedure() failed, SqlException Occurred</Module>
    <ErrorNumber>2812</ErrorNumber>
    <Source>.Net SqlClient Data Provider</Source>
    <Message>Could not find stored procedure 'TAMSR2_ReaderTypeOps'.</Message>
    <Stack>   at System.Data.SqlClient.SqlConnection.OnError(SqlException exception, Boolean breakConnection, Action`1 wrapCloseInAction)
   at System.Data.SqlClient.SqlInternalConnection.OnError(SqlException exception, Boolean breakConnection, Action`1 wrapCloseInAction)
   at System.Data.SqlClient.TdsParser.ThrowExceptionAndWarning(TdsParserStateObject stateObj, Boolean callerHasConnectionLock, Boolean asyncClose)
   at System.Data.SqlClient.TdsParser.TryRun(RunBehavior runBehavior, SqlCommand cmdHandler, SqlDataReader dataStream, BulkCopySimpleResultSet bulkCopyHandler, TdsParserStateObject stateObj, Boolean&amp; dataReady)
   at System.Data.SqlClient.SqlDataReader.TryConsumeMetaData()
   at System.Data.SqlClient.SqlDataReader.get_MetaData()
   at System.Data.SqlClient.SqlCommand.FinishExecuteReader(SqlDataReader ds, RunBehavior runBehavior, String resetOptionsString, Boolean isInternal, Boolean forDescribeParameterEncryption, Boolean shouldCacheForAlwaysEncrypted)
   at System.Data.SqlClient.SqlCommand.RunExecuteReaderTds(CommandBehavior cmdBehavior, RunBehavior runBehavior, Boolean returnStream, Boolean async, Int32 timeout, Task&amp; task, Boolean asyncWrite, Boolean inRetry, SqlDataReader ds, Boolean describeParameterEncryptionRequest)
   at System.Data.SqlClient.SqlCommand.RunExecuteReader(CommandBehavior cmdBehavior, RunBehavior runBehavior, Boolean returnStream, String method, TaskCompletionSource`1 completion, Int32 timeout, Task&amp; task, Boolean&amp; usedCache, Boolean asyncWrite, Boolean inRetry)
   at System.Data.SqlClient.SqlCommand.RunExecuteReader(CommandBehavior cmdBehavior, RunBehavior runBehavior, Boolean returnStream, String method)
   at System.Data.SqlClient.SqlCommand.ExecuteReader(CommandBehavior behavior, String method)
   at System.Data.SqlClient.SqlCommand.ExecuteDbDataReader(CommandBehavior behavior)
   at System.Data.Common.DbCommand.System.Data.IDbCommand.ExecuteReader(CommandBehavior behavior)
   at System.Data.Common.DbDataAdapter.FillInternal(DataSet dataset, DataTable[] datatables, Int32 startRecord, Int32 maxRecords, String srcTable, IDbCommand command, CommandBehavior behavior)
   at System.Data.Common.DbDataAdapter.Fill(DataSet dataSet, Int32 startRecord, Int32 maxRecords, String srcTable, IDbCommand command, CommandBehavior behavior)
   at System.Data.Common.DbDataAdapter.Fill(DataSet dataSet, String srcTable)
   at TAMSR2Framework.DAL.SqlDatabase.TAMSR2Framework.DAL.IConnectable.ExecuteProcedure(String strProcedure, Hashtable htParameters) in F:\SirMuneeb\Agile Project\Projects\ADS-TIMECHECK-SAMBA\TAMSR2Framework\TAMSR2Framework\DAL\SqlDatabase.cs:line 202</Stack>
  </Exception>
</LogEntry>
<LogEntry>
  <Date>4/5/2021 1:38:57 PM</Date>
  <Exception>
    <Module>RequestPages/ReaderOpsPage.aspx.GerAll()</Module>
    <ErrorNumber>0</ErrorNumber>
    <Source>System.Data</Source>
    <Message>Index 0 is either negative or above rows count.</Message>
    <Stack>   at System.Data.DataView.GetRow(Int32 index)
   at System.Data.DataView.get_Item(Int32 recordIndex)
   at TAMSR2.RequestPages.ReaderPage.GetScreenMessageByDeviceID() in F:\SirMuneeb\Agile Project\Projects\ADS-TIMECHECK-SAMBA\TAMSR2\TAMSR2\RequestPages\ReaderPage.aspx.cs:line 892</Stack>
  </Exception>
</LogEntry>
<LogEntry>
  <Date>4/5/2021 2:15:29 PM</Date>
  <Exception>
    <Module>RequestPages/ReaderOpsPage.aspx.GerAll()</Module>
    <ErrorNumber>0</ErrorNumber>
    <Source>System.Data</Source>
    <Message>Index 0 is either negative or above rows count.</Message>
    <Stack>   at System.Data.DataView.GetRow(Int32 index)
   at System.Data.DataView.get_Item(Int32 recordIndex)
   at TAMSR2.RequestPages.ReaderPage.GetScreenMessageByDeviceID() in F:\SirMuneeb\Agile Project\Projects\ADS-TIMECHECK-SAMBA\TAMSR2\TAMSR2\RequestPages\ReaderPage.aspx.cs:line 892</Stack>
  </Exception>
</LogEntry>
<LogEntry>
  <Date>4/5/2021 2:15:45 PM</Date>
  <Exception>
    <Module>SqlDatabase.ExecuteProcedure() failed, SqlException Occurred</Module>
    <ErrorNumber>2812</ErrorNumber>
    <Source>.Net SqlClient Data Provider</Source>
    <Message>Could not find stored procedure 'TAMSR2_ReaderTypeOps'.</Message>
    <Stack>   at System.Data.SqlClient.SqlConnection.OnError(SqlException exception, Boolean breakConnection, Action`1 wrapCloseInAction)
   at System.Data.SqlClient.SqlInternalConnection.OnError(SqlException exception, Boolean breakConnection, Action`1 wrapCloseInAction)
   at System.Data.SqlClient.TdsParser.ThrowExceptionAndWarning(TdsParserStateObject stateObj, Boolean callerHasConnectionLock, Boolean asyncClose)
   at System.Data.SqlClient.TdsParser.TryRun(RunBehavior runBehavior, SqlCommand cmdHandler, SqlDataReader dataStream, BulkCopySimpleResultSet bulkCopyHandler, TdsParserStateObject stateObj, Boolean&amp; dataReady)
   at System.Data.SqlClient.SqlDataReader.TryConsumeMetaData()
   at System.Data.SqlClient.SqlDataReader.get_MetaData()
   at System.Data.SqlClient.SqlCommand.FinishExecuteReader(SqlDataReader ds, RunBehavior runBehavior, String resetOptionsString, Boolean isInternal, Boolean forDescribeParameterEncryption, Boolean shouldCacheForAlwaysEncrypted)
   at System.Data.SqlClient.SqlCommand.RunExecuteReaderTds(CommandBehavior cmdBehavior, RunBehavior runBehavior, Boolean returnStream, Boolean async, Int32 timeout, Task&amp; task, Boolean asyncWrite, Boolean inRetry, SqlDataReader ds, Boolean describeParameterEncryptionRequest)
   at System.Data.SqlClient.SqlCommand.RunExecuteReader(CommandBehavior cmdBehavior, RunBehavior runBehavior, Boolean returnStream, String method, TaskCompletionSource`1 completion, Int32 timeout, Task&amp; task, Boolean&amp; usedCache, Boolean asyncWrite, Boolean inRetry)
   at System.Data.SqlClient.SqlCommand.RunExecuteReader(CommandBehavior cmdBehavior, RunBehavior runBehavior, Boolean returnStream, String method)
   at System.Data.SqlClient.SqlCommand.ExecuteReader(CommandBehavior behavior, String method)
   at System.Data.SqlClient.SqlCommand.ExecuteDbDataReader(CommandBehavior behavior)
   at System.Data.Common.DbCommand.System.Data.IDbCommand.ExecuteReader(CommandBehavior behavior)
   at System.Data.Common.DbDataAdapter.FillInternal(DataSet dataset, DataTable[] datatables, Int32 startRecord, Int32 maxRecords, String srcTable, IDbCommand command, CommandBehavior behavior)
   at System.Data.Common.DbDataAdapter.Fill(DataSet dataSet, Int32 startRecord, Int32 maxRecords, String srcTable, IDbCommand command, CommandBehavior behavior)
   at System.Data.Common.DbDataAdapter.Fill(DataSet dataSet, String srcTable)
   at TAMSR2Framework.DAL.SqlDatabase.TAMSR2Framework.DAL.IConnectable.ExecuteProcedure(String strProcedure, Hashtable htParameters) in F:\SirMuneeb\Agile Project\Projects\ADS-TIMECHECK-SAMBA\TAMSR2Framework\TAMSR2Framework\DAL\SqlDatabase.cs:line 202</Stack>
  </Exception>
</LogEntry>
<LogEntry>
  <Date>4/5/2021 2:21:31 PM</Date>
  <Exception>
    <Module>SqlDatabase.ExecuteProcedure() failed, SqlException Occurred</Module>
    <ErrorNumber>2812</ErrorNumber>
    <Source>.Net SqlClient Data Provider</Source>
    <Message>Could not find stored procedure 'TAMSR2_ReaderTypeOps'.</Message>
    <Stack>   at System.Data.SqlClient.SqlConnection.OnError(SqlException exception, Boolean breakConnection, Action`1 wrapCloseInAction)
   at System.Data.SqlClient.SqlInternalConnection.OnError(SqlException exception, Boolean breakConnection, Action`1 wrapCloseInAction)
   at System.Data.SqlClient.TdsParser.ThrowExceptionAndWarning(TdsParserStateObject stateObj, Boolean callerHasConnectionLock, Boolean asyncClose)
   at System.Data.SqlClient.TdsParser.TryRun(RunBehavior runBehavior, SqlCommand cmdHandler, SqlDataReader dataStream, BulkCopySimpleResultSet bulkCopyHandler, TdsParserStateObject stateObj, Boolean&amp; dataReady)
   at System.Data.SqlClient.SqlDataReader.TryConsumeMetaData()
   at System.Data.SqlClient.SqlDataReader.get_MetaData()
   at System.Data.SqlClient.SqlCommand.FinishExecuteReader(SqlDataReader ds, RunBehavior runBehavior, String resetOptionsString, Boolean isInternal, Boolean forDescribeParameterEncryption, Boolean shouldCacheForAlwaysEncrypted)
   at System.Data.SqlClient.SqlCommand.RunExecuteReaderTds(CommandBehavior cmdBehavior, RunBehavior runBehavior, Boolean returnStream, Boolean async, Int32 timeout, Task&amp; task, Boolean asyncWrite, Boolean inRetry, SqlDataReader ds, Boolean describeParameterEncryptionRequest)
   at System.Data.SqlClient.SqlCommand.RunExecuteReader(CommandBehavior cmdBehavior, RunBehavior runBehavior, Boolean returnStream, String method, TaskCompletionSource`1 completion, Int32 timeout, Task&amp; task, Boolean&amp; usedCache, Boolean asyncWrite, Boolean inRetry)
   at System.Data.SqlClient.SqlCommand.RunExecuteReader(CommandBehavior cmdBehavior, RunBehavior runBehavior, Boolean returnStream, String method)
   at System.Data.SqlClient.SqlCommand.ExecuteReader(CommandBehavior behavior, String method)
   at System.Data.SqlClient.SqlCommand.ExecuteDbDataReader(CommandBehavior behavior)
   at System.Data.Common.DbCommand.System.Data.IDbCommand.ExecuteReader(CommandBehavior behavior)
   at System.Data.Common.DbDataAdapter.FillInternal(DataSet dataset, DataTable[] datatables, Int32 startRecord, Int32 maxRecords, String srcTable, IDbCommand command, CommandBehavior behavior)
   at System.Data.Common.DbDataAdapter.Fill(DataSet dataSet, Int32 startRecord, Int32 maxRecords, String srcTable, IDbCommand command, CommandBehavior behavior)
   at System.Data.Common.DbDataAdapter.Fill(DataSet dataSet, String srcTable)
   at TAMSR2Framework.DAL.SqlDatabase.TAMSR2Framework.DAL.IConnectable.ExecuteProcedure(String strProcedure, Hashtable htParameters) in F:\SirMuneeb\Agile Project\Projects\ADS-TIMECHECK-SAMBA\TAMSR2Framework\TAMSR2Framework\DAL\SqlDatabase.cs:line 202</Stack>
  </Exception>
</LogEntry>
<LogEntry>
  <Date>4/5/2021 2:28:00 PM</Date>
  <Exception>
    <Module>RequestPages/ReaderOpsPage.aspx.GerAll()</Module>
    <ErrorNumber>0</ErrorNumber>
    <Source>System.Data</Source>
    <Message>Index 0 is either negative or above rows count.</Message>
    <Stack>   at System.Data.DataView.GetRow(Int32 index)
   at System.Data.DataView.get_Item(Int32 recordIndex)
   at TAMSR2.RequestPages.ReaderPage.GetScreenMessageByDeviceID() in F:\SirMuneeb\Agile Project\Projects\ADS-TIMECHECK-SAMBA\TAMSR2\TAMSR2\RequestPages\ReaderPage.aspx.cs:line 892</Stack>
  </Exception>
</LogEntry>
<LogEntry>
  <Date>4/5/2021 2:28:47 PM</Date>
  <Exception>
    <Module>RequestPages/ReaderOpsPage.aspx.GerAll()</Module>
    <ErrorNumber>0</ErrorNumber>
    <Source>System.Data</Source>
    <Message>Index 0 is either negative or above rows count.</Message>
    <Stack>   at System.Data.DataView.GetRow(Int32 index)
   at System.Data.DataView.get_Item(Int32 recordIndex)
   at TAMSR2.RequestPages.ReaderPage.GetScreenMessageByDeviceID() in F:\SirMuneeb\Agile Project\Projects\ADS-TIMECHECK-SAMBA\TAMSR2\TAMSR2\RequestPages\ReaderPage.aspx.cs:line 892</Stack>
  </Exception>
</LogEntry>
<LogEntry>
  <Date>4/5/2021 2:38:47 PM</Date>
  <Exception>
    <Module>RequestPages/ReaderOpsPage.aspx.GerAll()</Module>
    <ErrorNumber>0</ErrorNumber>
    <Source>System.Data</Source>
    <Message>Index 0 is either negative or above rows count.</Message>
    <Stack>   at System.Data.DataView.GetRow(Int32 index)
   at System.Data.DataView.get_Item(Int32 recordIndex)
   at TAMSR2.RequestPages.ReaderPage.GetScreenMessageByDeviceID() in F:\SirMuneeb\Agile Project\Projects\ADS-TIMECHECK-SAMBA\TAMSR2\TAMSR2\RequestPages\ReaderPage.aspx.cs:line 892</Stack>
  </Exception>
</LogEntry>
<LogEntry>
  <Date>4/5/2021 2:40:15 PM</Date>
  <Exception>
    <Module>RequestPages/ReaderOpsPage.aspx.GerAll()</Module>
    <ErrorNumber>0</ErrorNumber>
    <Source>System.Data</Source>
    <Message>Index 0 is either negative or above rows count.</Message>
    <Stack>   at System.Data.DataView.GetRow(Int32 index)
   at System.Data.DataView.get_Item(Int32 recordIndex)
   at TAMSR2.RequestPages.ReaderPage.GetScreenMessageByDeviceID() in F:\SirMuneeb\Agile Project\Projects\ADS-TIMECHECK-SAMBA\TAMSR2\TAMSR2\RequestPages\ReaderPage.aspx.cs:line 892</Stack>
  </Exception>
</LogEntry>
<LogEntry>
  <Date>4/5/2021 2:41:10 PM</Date>
  <Exception>
    <Module>RequestPages/ReaderOpsPage.aspx.GerAll()</Module>
    <ErrorNumber>0</ErrorNumber>
    <Source>System.Data</Source>
    <Message>Index 0 is either negative or above rows count.</Message>
    <Stack>   at System.Data.DataView.GetRow(Int32 index)
   at System.Data.DataView.get_Item(Int32 recordIndex)
   at TAMSR2.RequestPages.ReaderPage.GetScreenMessageByDeviceID() in F:\SirMuneeb\Agile Project\Projects\ADS-TIMECHECK-SAMBA\TAMSR2\TAMSR2\RequestPages\ReaderPage.aspx.cs:line 892</Stack>
  </Exception>
</LogEntry>
<LogEntry>
  <Date>4/5/2021 2:43:03 PM</Date>
  <Exception>
    <Module>SqlDatabase.ExecuteProcedure() failed, SqlException Occurred</Module>
    <ErrorNumber>2812</ErrorNumber>
    <Source>.Net SqlClient Data Provider</Source>
    <Message>Could not find stored procedure 'TAMSR2_ReaderTypeOps'.</Message>
    <Stack>   at System.Data.SqlClient.SqlConnection.OnError(SqlException exception, Boolean breakConnection, Action`1 wrapCloseInAction)
   at System.Data.SqlClient.SqlInternalConnection.OnError(SqlException exception, Boolean breakConnection, Action`1 wrapCloseInAction)
   at System.Data.SqlClient.TdsParser.ThrowExceptionAndWarning(TdsParserStateObject stateObj, Boolean callerHasConnectionLock, Boolean asyncClose)
   at System.Data.SqlClient.TdsParser.TryRun(RunBehavior runBehavior, SqlCommand cmdHandler, SqlDataReader dataStream, BulkCopySimpleResultSet bulkCopyHandler, TdsParserStateObject stateObj, Boolean&amp; dataReady)
   at System.Data.SqlClient.SqlDataReader.TryConsumeMetaData()
   at System.Data.SqlClient.SqlDataReader.get_MetaData()
   at System.Data.SqlClient.SqlCommand.FinishExecuteReader(SqlDataReader ds, RunBehavior runBehavior, String resetOptionsString, Boolean isInternal, Boolean forDescribeParameterEncryption, Boolean shouldCacheForAlwaysEncrypted)
   at System.Data.SqlClient.SqlCommand.RunExecuteReaderTds(CommandBehavior cmdBehavior, RunBehavior runBehavior, Boolean returnStream, Boolean async, Int32 timeout, Task&amp; task, Boolean asyncWrite, Boolean inRetry, SqlDataReader ds, Boolean describeParameterEncryptionRequest)
   at System.Data.SqlClient.SqlCommand.RunExecuteReader(CommandBehavior cmdBehavior, RunBehavior runBehavior, Boolean returnStream, String method, TaskCompletionSource`1 completion, Int32 timeout, Task&amp; task, Boolean&amp; usedCache, Boolean asyncWrite, Boolean inRetry)
   at System.Data.SqlClient.SqlCommand.RunExecuteReader(CommandBehavior cmdBehavior, RunBehavior runBehavior, Boolean returnStream, String method)
   at System.Data.SqlClient.SqlCommand.ExecuteReader(CommandBehavior behavior, String method)
   at System.Data.SqlClient.SqlCommand.ExecuteDbDataReader(CommandBehavior behavior)
   at System.Data.Common.DbCommand.System.Data.IDbCommand.ExecuteReader(CommandBehavior behavior)
   at System.Data.Common.DbDataAdapter.FillInternal(DataSet dataset, DataTable[] datatables, Int32 startRecord, Int32 maxRecords, String srcTable, IDbCommand command, CommandBehavior behavior)
   at System.Data.Common.DbDataAdapter.Fill(DataSet dataSet, Int32 startRecord, Int32 maxRecords, String srcTable, IDbCommand command, CommandBehavior behavior)
   at System.Data.Common.DbDataAdapter.Fill(DataSet dataSet, String srcTable)
   at TAMSR2Framework.DAL.SqlDatabase.TAMSR2Framework.DAL.IConnectable.ExecuteProcedure(String strProcedure, Hashtable htParameters) in F:\SirMuneeb\Agile Project\Projects\ADS-TIMECHECK-SAMBA\TAMSR2Framework\TAMSR2Framework\DAL\SqlDatabase.cs:line 202</Stack>
  </Exception>
</LogEntry>
<LogEntry>
  <Date>4/5/2021 2:43:18 PM</Date>
  <Exception>
    <Module>RequestPages/ReaderOpsPage.aspx.GerAll()</Module>
    <ErrorNumber>0</ErrorNumber>
    <Source>System.Data</Source>
    <Message>Index 0 is either negative or above rows count.</Message>
    <Stack>   at System.Data.DataView.GetRow(Int32 index)
   at System.Data.DataView.get_Item(Int32 recordIndex)
   at TAMSR2.RequestPages.ReaderPage.GetScreenMessageByDeviceID() in F:\SirMuneeb\Agile Project\Projects\ADS-TIMECHECK-SAMBA\TAMSR2\TAMSR2\RequestPages\ReaderPage.aspx.cs:line 892</Stack>
  </Exception>
</LogEntry>
<LogEntry>
  <Date>4/5/2021 2:43:49 PM</Date>
  <Exception>
    <Module>RequestPages/ReaderOpsPage.aspx.GerAll()</Module>
    <ErrorNumber>0</ErrorNumber>
    <Source>System.Data</Source>
    <Message>Index 0 is either negative or above rows count.</Message>
    <Stack>   at System.Data.DataView.GetRow(Int32 index)
   at System.Data.DataView.get_Item(Int32 recordIndex)
   at TAMSR2.RequestPages.ReaderPage.GetScreenMessageByDeviceID() in F:\SirMuneeb\Agile Project\Projects\ADS-TIMECHECK-SAMBA\TAMSR2\TAMSR2\RequestPages\ReaderPage.aspx.cs:line 892</Stack>
  </Exception>
</LogEntry>
<LogEntry>
  <Date>4/5/2021 2:44:07 PM</Date>
  <Exception>
    <Module>RequestPages/ReaderOpsPage.aspx.GerAll()</Module>
    <ErrorNumber>0</ErrorNumber>
    <Source>System.Data</Source>
    <Message>Index 0 is either negative or above rows count.</Message>
    <Stack>   at System.Data.DataView.GetRow(Int32 index)
   at System.Data.DataView.get_Item(Int32 recordIndex)
   at TAMSR2.RequestPages.ReaderPage.GetScreenMessageByDeviceID() in F:\SirMuneeb\Agile Project\Projects\ADS-TIMECHECK-SAMBA\TAMSR2\TAMSR2\RequestPages\ReaderPage.aspx.cs:line 892</Stack>
  </Exception>
</LogEntry>
<LogEntry>
  <Date>4/5/2021 2:44:41 PM</Date>
  <Exception>
    <Module>SqlDatabase.ExecuteProcedure() failed, SqlException Occurred</Module>
    <ErrorNumber>2812</ErrorNumber>
    <Source>.Net SqlClient Data Provider</Source>
    <Message>Could not find stored procedure 'TAMSR2_ReaderTypeOps'.</Message>
    <Stack>   at System.Data.SqlClient.SqlConnection.OnError(SqlException exception, Boolean breakConnection, Action`1 wrapCloseInAction)
   at System.Data.SqlClient.SqlInternalConnection.OnError(SqlException exception, Boolean breakConnection, Action`1 wrapCloseInAction)
   at System.Data.SqlClient.TdsParser.ThrowExceptionAndWarning(TdsParserStateObject stateObj, Boolean callerHasConnectionLock, Boolean asyncClose)
   at System.Data.SqlClient.TdsParser.TryRun(RunBehavior runBehavior, SqlCommand cmdHandler, SqlDataReader dataStream, BulkCopySimpleResultSet bulkCopyHandler, TdsParserStateObject stateObj, Boolean&amp; dataReady)
   at System.Data.SqlClient.SqlDataReader.TryConsumeMetaData()
   at System.Data.SqlClient.SqlDataReader.get_MetaData()
   at System.Data.SqlClient.SqlCommand.FinishExecuteReader(SqlDataReader ds, RunBehavior runBehavior, String resetOptionsString, Boolean isInternal, Boolean forDescribeParameterEncryption, Boolean shouldCacheForAlwaysEncrypted)
   at System.Data.SqlClient.SqlCommand.RunExecuteReaderTds(CommandBehavior cmdBehavior, RunBehavior runBehavior, Boolean returnStream, Boolean async, Int32 timeout, Task&amp; task, Boolean asyncWrite, Boolean inRetry, SqlDataReader ds, Boolean describeParameterEncryptionRequest)
   at System.Data.SqlClient.SqlCommand.RunExecuteReader(CommandBehavior cmdBehavior, RunBehavior runBehavior, Boolean returnStream, String method, TaskCompletionSource`1 completion, Int32 timeout, Task&amp; task, Boolean&amp; usedCache, Boolean asyncWrite, Boolean inRetry)
   at System.Data.SqlClient.SqlCommand.RunExecuteReader(CommandBehavior cmdBehavior, RunBehavior runBehavior, Boolean returnStream, String method)
   at System.Data.SqlClient.SqlCommand.ExecuteReader(CommandBehavior behavior, String method)
   at System.Data.SqlClient.SqlCommand.ExecuteDbDataReader(CommandBehavior behavior)
   at System.Data.Common.DbCommand.System.Data.IDbCommand.ExecuteReader(CommandBehavior behavior)
   at System.Data.Common.DbDataAdapter.FillInternal(DataSet dataset, DataTable[] datatables, Int32 startRecord, Int32 maxRecords, String srcTable, IDbCommand command, CommandBehavior behavior)
   at System.Data.Common.DbDataAdapter.Fill(DataSet dataSet, Int32 startRecord, Int32 maxRecords, String srcTable, IDbCommand command, CommandBehavior behavior)
   at System.Data.Common.DbDataAdapter.Fill(DataSet dataSet, String srcTable)
   at TAMSR2Framework.DAL.SqlDatabase.TAMSR2Framework.DAL.IConnectable.ExecuteProcedure(String strProcedure, Hashtable htParameters) in F:\SirMuneeb\Agile Project\Projects\ADS-TIMECHECK-SAMBA\TAMSR2Framework\TAMSR2Framework\DAL\SqlDatabase.cs:line 202</Stack>
  </Exception>
</LogEntry>
<LogEntry>
  <Date>4/5/2021 2:44:55 PM</Date>
  <Exception>
    <Module>RequestPages/ReaderOpsPage.aspx.GerAll()</Module>
    <ErrorNumber>0</ErrorNumber>
    <Source>System.Data</Source>
    <Message>Index 0 is either negative or above rows count.</Message>
    <Stack>   at System.Data.DataView.GetRow(Int32 index)
   at System.Data.DataView.get_Item(Int32 recordIndex)
   at TAMSR2.RequestPages.ReaderPage.GetScreenMessageByDeviceID() in F:\SirMuneeb\Agile Project\Projects\ADS-TIMECHECK-SAMBA\TAMSR2\TAMSR2\RequestPages\ReaderPage.aspx.cs:line 892</Stack>
  </Exception>
</LogEntry>
<LogEntry>
  <Date>4/5/2021 2:46:14 PM</Date>
  <Exception>
    <Module>RequestPages/ReaderOpsPage.aspx.GerAll()</Module>
    <ErrorNumber>0</ErrorNumber>
    <Source>System.Data</Source>
    <Message>Index 0 is either negative or above rows count.</Message>
    <Stack>   at System.Data.DataView.GetRow(Int32 index)
   at System.Data.DataView.get_Item(Int32 recordIndex)
   at TAMSR2.RequestPages.ReaderPage.GetScreenMessageByDeviceID() in F:\SirMuneeb\Agile Project\Projects\ADS-TIMECHECK-SAMBA\TAMSR2\TAMSR2\RequestPages\ReaderPage.aspx.cs:line 892</Stack>
  </Exception>
</LogEntry>
<LogEntry>
  <Date>4/5/2021 2:52:00 PM</Date>
  <Exception>
    <Module>RequestPages/ReaderOpsPage.aspx.GerAll()</Module>
    <ErrorNumber>0</ErrorNumber>
    <Source>System.Data</Source>
    <Message>Index 0 is either negative or above rows count.</Message>
    <Stack>   at System.Data.DataView.GetRow(Int32 index)
   at System.Data.DataView.get_Item(Int32 recordIndex)
   at TAMSR2.RequestPages.ReaderPage.GetScreenMessageByDeviceID()</Stack>
  </Exception>
</LogEntry>
<LogEntry>
  <Date>4/5/2021 2:52:12 PM</Date>
  <Exception>
    <Module>SqlDatabase.Open() failed, SqlException Occurred</Module>
    <ErrorNumber>18456</ErrorNumber>
    <Source>.Net SqlClient Data Provider</Source>
    <Message>Login failed for user ''.</Message>
    <Stack>   at System.Data.SqlClient.SqlInternalConnectionTds..ctor(DbConnectionPoolIdentity identity, SqlConnectionString connectionOptions, SqlCredential credential, Object providerInfo, String newPassword, SecureString newSecurePassword, Boolean redirectedUserInstance, SqlConnectionString userConnectionOptions, SessionData reconnectSessionData, DbConnectionPool pool, String accessToken, Boolean applyTransientFaultHandling, SqlAuthenticationProviderManager sqlAuthProviderManager)
   at System.Data.SqlClient.SqlConnectionFactory.CreateConnection(DbConnectionOptions options, DbConnectionPoolKey poolKey, Object poolGroupProviderInfo, DbConnectionPool pool, DbConnection owningConnection, DbConnectionOptions userOptions)
   at System.Data.ProviderBase.DbConnectionFactory.CreatePooledConnection(DbConnectionPool pool, DbConnection owningObject, DbConnectionOptions options, DbConnectionPoolKey poolKey, DbConnectionOptions userOptions)
   at System.Data.ProviderBase.DbConnectionPool.CreateObject(DbConnection owningObject, DbConnectionOptions userOptions, DbConnectionInternal oldConnection)
   at System.Data.ProviderBase.DbConnectionPool.UserCreateRequest(DbConnection owningObject, DbConnectionOptions userOptions, DbConnectionInternal oldConnection)
   at System.Data.ProviderBase.DbConnectionPool.TryGetConnection(DbConnection owningObject, UInt32 waitForMultipleObjectsTimeout, Boolean allowCreate, Boolean onlyOneCheckConnection, DbConnectionOptions userOptions, DbConnectionInternal&amp; connection)
   at System.Data.ProviderBase.DbConnectionPool.TryGetConnection(DbConnection owningObject, TaskCompletionSource`1 retry, DbConnectionOptions userOptions, DbConnectionInternal&amp; connection)
   at System.Data.ProviderBase.DbConnectionFactory.TryGetConnection(DbConnection owningConnection, TaskCompletionSource`1 retry, DbConnectionOptions userOptions, DbConnectionInternal oldConnection, DbConnectionInternal&amp; connection)
   at System.Data.ProviderBase.DbConnectionInternal.TryOpenConnectionInternal(DbConnection outerConnection, DbConnectionFactory connectionFactory, TaskCompletionSource`1 retry, DbConnectionOptions userOptions)
   at System.Data.ProviderBase.DbConnectionClosed.TryOpenConnection(DbConnection outerConnection, DbConnectionFactory connectionFactory, TaskCompletionSource`1 retry, DbConnectionOptions userOptions)
   at System.Data.SqlClient.SqlConnection.TryOpenInner(TaskCompletionSource`1 retry)
   at System.Data.SqlClient.SqlConnection.TryOpen(TaskCompletionSource`1 retry)
   at System.Data.SqlClient.SqlConnection.Open()
   at TAMSR2Framework.DAL.SqlDatabase.TAMSR2Framework.DAL.IConnectable.Open() in F:\SirMuneeb\Agile Project\Projects\ADS-TIMECHECK-SAMBA\TAMSR2Framework\TAMSR2Framework\DAL\SqlDatabase.cs:line 98</Stack>
  </Exception>
</LogEntry>
<LogEntry>
  <Date>4/5/2021 2:53:06 PM</Date>
  <Exception>
    <Module>SqlDatabase.ExecuteProcedure() failed, SqlException Occurred</Module>
    <ErrorNumber>2812</ErrorNumber>
    <Source>.Net SqlClient Data Provider</Source>
    <Message>Could not find stored procedure 'TAMSR2_ReaderTypeOps'.</Message>
    <Stack>   at System.Data.SqlClient.SqlConnection.OnError(SqlException exception, Boolean breakConnection, Action`1 wrapCloseInAction)
   at System.Data.SqlClient.SqlInternalConnection.OnError(SqlException exception, Boolean breakConnection, Action`1 wrapCloseInAction)
   at System.Data.SqlClient.TdsParser.ThrowExceptionAndWarning(TdsParserStateObject stateObj, Boolean callerHasConnectionLock, Boolean asyncClose)
   at System.Data.SqlClient.TdsParser.TryRun(RunBehavior runBehavior, SqlCommand cmdHandler, SqlDataReader dataStream, BulkCopySimpleResultSet bulkCopyHandler, TdsParserStateObject stateObj, Boolean&amp; dataReady)
   at System.Data.SqlClient.SqlDataReader.TryConsumeMetaData()
   at System.Data.SqlClient.SqlDataReader.get_MetaData()
   at System.Data.SqlClient.SqlCommand.FinishExecuteReader(SqlDataReader ds, RunBehavior runBehavior, String resetOptionsString, Boolean isInternal, Boolean forDescribeParameterEncryption, Boolean shouldCacheForAlwaysEncrypted)
   at System.Data.SqlClient.SqlCommand.RunExecuteReaderTds(CommandBehavior cmdBehavior, RunBehavior runBehavior, Boolean returnStream, Boolean async, Int32 timeout, Task&amp; task, Boolean asyncWrite, Boolean inRetry, SqlDataReader ds, Boolean describeParameterEncryptionRequest)
   at System.Data.SqlClient.SqlCommand.RunExecuteReader(CommandBehavior cmdBehavior, RunBehavior runBehavior, Boolean returnStream, String method, TaskCompletionSource`1 completion, Int32 timeout, Task&amp; task, Boolean&amp; usedCache, Boolean asyncWrite, Boolean inRetry)
   at System.Data.SqlClient.SqlCommand.RunExecuteReader(CommandBehavior cmdBehavior, RunBehavior runBehavior, Boolean returnStream, String method)
   at System.Data.SqlClient.SqlCommand.ExecuteReader(CommandBehavior behavior, String method)
   at System.Data.SqlClient.SqlCommand.ExecuteDbDataReader(CommandBehavior behavior)
   at System.Data.Common.DbCommand.System.Data.IDbCommand.ExecuteReader(CommandBehavior behavior)
   at System.Data.Common.DbDataAdapter.FillInternal(DataSet dataset, DataTable[] datatables, Int32 startRecord, Int32 maxRecords, String srcTable, IDbCommand command, CommandBehavior behavior)
   at System.Data.Common.DbDataAdapter.Fill(DataSet dataSet, Int32 startRecord, Int32 maxRecords, String srcTable, IDbCommand command, CommandBehavior behavior)
   at System.Data.Common.DbDataAdapter.Fill(DataSet dataSet, String srcTable)
   at TAMSR2Framework.DAL.SqlDatabase.TAMSR2Framework.DAL.IConnectable.ExecuteProcedure(String strProcedure, Hashtable htParameters) in F:\SirMuneeb\Agile Project\Projects\ADS-TIMECHECK-SAMBA\TAMSR2Framework\TAMSR2Framework\DAL\SqlDatabase.cs:line 202</Stack>
  </Exception>
</LogEntry>
<LogEntry>
  <Date>4/5/2021 2:53:39 PM</Date>
  <Exception>
    <Module>RequestPages/ReaderOpsPage.aspx.GerAll()</Module>
    <ErrorNumber>0</ErrorNumber>
    <Source>System.Data</Source>
    <Message>Index 0 is either negative or above rows count.</Message>
    <Stack>   at System.Data.DataView.GetRow(Int32 index)
   at System.Data.DataView.get_Item(Int32 recordIndex)
   at TAMSR2.RequestPages.ReaderPage.GetScreenMessageByDeviceID()</Stack>
  </Exception>
</LogEntry>
<LogEntry>
  <Date>4/5/2021 2:54:06 PM</Date>
  <Exception>
    <Module>RequestPages/ReaderOpsPage.aspx.GerAll()</Module>
    <ErrorNumber>0</ErrorNumber>
    <Source>System.Data</Source>
    <Message>Index 0 is either negative or above rows count.</Message>
    <Stack>   at System.Data.DataView.GetRow(Int32 index)
   at System.Data.DataView.get_Item(Int32 recordIndex)
   at TAMSR2.RequestPages.ReaderPage.GetScreenMessageByDeviceID()</Stack>
  </Exception>
</LogEntry>
<LogEntry>
  <Date>4/5/2021 2:55:28 PM</Date>
  <Exception>
    <Module>SqlDatabase.ExecuteProcedure() failed, SqlException Occurred</Module>
    <ErrorNumber>2812</ErrorNumber>
    <Source>.Net SqlClient Data Provider</Source>
    <Message>Could not find stored procedure 'TAMSR2_ReaderTypeOps'.</Message>
    <Stack>   at System.Data.SqlClient.SqlConnection.OnError(SqlException exception, Boolean breakConnection, Action`1 wrapCloseInAction)
   at System.Data.SqlClient.SqlInternalConnection.OnError(SqlException exception, Boolean breakConnection, Action`1 wrapCloseInAction)
   at System.Data.SqlClient.TdsParser.ThrowExceptionAndWarning(TdsParserStateObject stateObj, Boolean callerHasConnectionLock, Boolean asyncClose)
   at System.Data.SqlClient.TdsParser.TryRun(RunBehavior runBehavior, SqlCommand cmdHandler, SqlDataReader dataStream, BulkCopySimpleResultSet bulkCopyHandler, TdsParserStateObject stateObj, Boolean&amp; dataReady)
   at System.Data.SqlClient.SqlDataReader.TryConsumeMetaData()
   at System.Data.SqlClient.SqlDataReader.get_MetaData()
   at System.Data.SqlClient.SqlCommand.FinishExecuteReader(SqlDataReader ds, RunBehavior runBehavior, String resetOptionsString, Boolean isInternal, Boolean forDescribeParameterEncryption, Boolean shouldCacheForAlwaysEncrypted)
   at System.Data.SqlClient.SqlCommand.RunExecuteReaderTds(CommandBehavior cmdBehavior, RunBehavior runBehavior, Boolean returnStream, Boolean async, Int32 timeout, Task&amp; task, Boolean asyncWrite, Boolean inRetry, SqlDataReader ds, Boolean describeParameterEncryptionRequest)
   at System.Data.SqlClient.SqlCommand.RunExecuteReader(CommandBehavior cmdBehavior, RunBehavior runBehavior, Boolean returnStream, String method, TaskCompletionSource`1 completion, Int32 timeout, Task&amp; task, Boolean&amp; usedCache, Boolean asyncWrite, Boolean inRetry)
   at System.Data.SqlClient.SqlCommand.RunExecuteReader(CommandBehavior cmdBehavior, RunBehavior runBehavior, Boolean returnStream, String method)
   at System.Data.SqlClient.SqlCommand.ExecuteReader(CommandBehavior behavior, String method)
   at System.Data.SqlClient.SqlCommand.ExecuteDbDataReader(CommandBehavior behavior)
   at System.Data.Common.DbCommand.System.Data.IDbCommand.ExecuteReader(CommandBehavior behavior)
   at System.Data.Common.DbDataAdapter.FillInternal(DataSet dataset, DataTable[] datatables, Int32 startRecord, Int32 maxRecords, String srcTable, IDbCommand command, CommandBehavior behavior)
   at System.Data.Common.DbDataAdapter.Fill(DataSet dataSet, Int32 startRecord, Int32 maxRecords, String srcTable, IDbCommand command, CommandBehavior behavior)
   at System.Data.Common.DbDataAdapter.Fill(DataSet dataSet, String srcTable)
   at TAMSR2Framework.DAL.SqlDatabase.TAMSR2Framework.DAL.IConnectable.ExecuteProcedure(String strProcedure, Hashtable htParameters) in F:\SirMuneeb\Agile Project\Projects\ADS-TIMECHECK-SAMBA\TAMSR2Framework\TAMSR2Framework\DAL\SqlDatabase.cs:line 202</Stack>
  </Exception>
</LogEntry>
<LogEntry>
  <Date>4/5/2021 2:56:21 PM</Date>
  <Exception>
    <Module>SqlDatabase.ExecuteProcedure() failed, SqlException Occurred</Module>
    <ErrorNumber>2812</ErrorNumber>
    <Source>.Net SqlClient Data Provider</Source>
    <Message>Could not find stored procedure 'TAMSR2_ReaderTypeOps'.</Message>
    <Stack>   at System.Data.SqlClient.SqlConnection.OnError(SqlException exception, Boolean breakConnection, Action`1 wrapCloseInAction)
   at System.Data.SqlClient.SqlInternalConnection.OnError(SqlException exception, Boolean breakConnection, Action`1 wrapCloseInAction)
   at System.Data.SqlClient.TdsParser.ThrowExceptionAndWarning(TdsParserStateObject stateObj, Boolean callerHasConnectionLock, Boolean asyncClose)
   at System.Data.SqlClient.TdsParser.TryRun(RunBehavior runBehavior, SqlCommand cmdHandler, SqlDataReader dataStream, BulkCopySimpleResultSet bulkCopyHandler, TdsParserStateObject stateObj, Boolean&amp; dataReady)
   at System.Data.SqlClient.SqlDataReader.TryConsumeMetaData()
   at System.Data.SqlClient.SqlDataReader.get_MetaData()
   at System.Data.SqlClient.SqlCommand.FinishExecuteReader(SqlDataReader ds, RunBehavior runBehavior, String resetOptionsString, Boolean isInternal, Boolean forDescribeParameterEncryption, Boolean shouldCacheForAlwaysEncrypted)
   at System.Data.SqlClient.SqlCommand.RunExecuteReaderTds(CommandBehavior cmdBehavior, RunBehavior runBehavior, Boolean returnStream, Boolean async, Int32 timeout, Task&amp; task, Boolean asyncWrite, Boolean inRetry, SqlDataReader ds, Boolean describeParameterEncryptionRequest)
   at System.Data.SqlClient.SqlCommand.RunExecuteReader(CommandBehavior cmdBehavior, RunBehavior runBehavior, Boolean returnStream, String method, TaskCompletionSource`1 completion, Int32 timeout, Task&amp; task, Boolean&amp; usedCache, Boolean asyncWrite, Boolean inRetry)
   at System.Data.SqlClient.SqlCommand.RunExecuteReader(CommandBehavior cmdBehavior, RunBehavior runBehavior, Boolean returnStream, String method)
   at System.Data.SqlClient.SqlCommand.ExecuteReader(CommandBehavior behavior, String method)
   at System.Data.SqlClient.SqlCommand.ExecuteDbDataReader(CommandBehavior behavior)
   at System.Data.Common.DbCommand.System.Data.IDbCommand.ExecuteReader(CommandBehavior behavior)
   at System.Data.Common.DbDataAdapter.FillInternal(DataSet dataset, DataTable[] datatables, Int32 startRecord, Int32 maxRecords, String srcTable, IDbCommand command, CommandBehavior behavior)
   at System.Data.Common.DbDataAdapter.Fill(DataSet dataSet, Int32 startRecord, Int32 maxRecords, String srcTable, IDbCommand command, CommandBehavior behavior)
   at System.Data.Common.DbDataAdapter.Fill(DataSet dataSet, String srcTable)
   at TAMSR2Framework.DAL.SqlDatabase.TAMSR2Framework.DAL.IConnectable.ExecuteProcedure(String strProcedure, Hashtable htParameters) in F:\SirMuneeb\Agile Project\Projects\ADS-TIMECHECK-SAMBA\TAMSR2Framework\TAMSR2Framework\DAL\SqlDatabase.cs:line 202</Stack>
  </Exception>
</LogEntry>
<LogEntry>
  <Date>4/5/2021 2:56:22 PM</Date>
  <Exception>
    <Module>SqlDatabase.ExecuteProcedure() failed, SqlException Occurred</Module>
    <ErrorNumber>2812</ErrorNumber>
    <Source>.Net SqlClient Data Provider</Source>
    <Message>Could not find stored procedure 'TAMSR2_ReaderTypeOps'.</Message>
    <Stack>   at System.Data.SqlClient.SqlConnection.OnError(SqlException exception, Boolean breakConnection, Action`1 wrapCloseInAction)
   at System.Data.SqlClient.SqlInternalConnection.OnError(SqlException exception, Boolean breakConnection, Action`1 wrapCloseInAction)
   at System.Data.SqlClient.TdsParser.ThrowExceptionAndWarning(TdsParserStateObject stateObj, Boolean callerHasConnectionLock, Boolean asyncClose)
   at System.Data.SqlClient.TdsParser.TryRun(RunBehavior runBehavior, SqlCommand cmdHandler, SqlDataReader dataStream, BulkCopySimpleResultSet bulkCopyHandler, TdsParserStateObject stateObj, Boolean&amp; dataReady)
   at System.Data.SqlClient.SqlDataReader.TryConsumeMetaData()
   at System.Data.SqlClient.SqlDataReader.get_MetaData()
   at System.Data.SqlClient.SqlCommand.FinishExecuteReader(SqlDataReader ds, RunBehavior runBehavior, String resetOptionsString, Boolean isInternal, Boolean forDescribeParameterEncryption, Boolean shouldCacheForAlwaysEncrypted)
   at System.Data.SqlClient.SqlCommand.RunExecuteReaderTds(CommandBehavior cmdBehavior, RunBehavior runBehavior, Boolean returnStream, Boolean async, Int32 timeout, Task&amp; task, Boolean asyncWrite, Boolean inRetry, SqlDataReader ds, Boolean describeParameterEncryptionRequest)
   at System.Data.SqlClient.SqlCommand.RunExecuteReader(CommandBehavior cmdBehavior, RunBehavior runBehavior, Boolean returnStream, String method, TaskCompletionSource`1 completion, Int32 timeout, Task&amp; task, Boolean&amp; usedCache, Boolean asyncWrite, Boolean inRetry)
   at System.Data.SqlClient.SqlCommand.RunExecuteReader(CommandBehavior cmdBehavior, RunBehavior runBehavior, Boolean returnStream, String method)
   at System.Data.SqlClient.SqlCommand.ExecuteReader(CommandBehavior behavior, String method)
   at System.Data.SqlClient.SqlCommand.ExecuteDbDataReader(CommandBehavior behavior)
   at System.Data.Common.DbCommand.System.Data.IDbCommand.ExecuteReader(CommandBehavior behavior)
   at System.Data.Common.DbDataAdapter.FillInternal(DataSet dataset, DataTable[] datatables, Int32 startRecord, Int32 maxRecords, String srcTable, IDbCommand command, CommandBehavior behavior)
   at System.Data.Common.DbDataAdapter.Fill(DataSet dataSet, Int32 startRecord, Int32 maxRecords, String srcTable, IDbCommand command, CommandBehavior behavior)
   at System.Data.Common.DbDataAdapter.Fill(DataSet dataSet, String srcTable)
   at TAMSR2Framework.DAL.SqlDatabase.TAMSR2Framework.DAL.IConnectable.ExecuteProcedure(String strProcedure, Hashtable htParameters) in F:\SirMuneeb\Agile Project\Projects\ADS-TIMECHECK-SAMBA\TAMSR2Framework\TAMSR2Framework\DAL\SqlDatabase.cs:line 202</Stack>
  </Exception>
</LogEntry>
<LogEntry>
  <Date>4/5/2021 2:56:36 PM</Date>
  <Exception>
    <Module>RequestPages/ReaderOpsPage.aspx.GerAll()</Module>
    <ErrorNumber>0</ErrorNumber>
    <Source>System.Data</Source>
    <Message>Index 0 is either negative or above rows count.</Message>
    <Stack>   at System.Data.DataView.GetRow(Int32 index)
   at System.Data.DataView.get_Item(Int32 recordIndex)
   at TAMSR2.RequestPages.ReaderPage.GetScreenMessageByDeviceID()</Stack>
  </Exception>
</LogEntry>
<LogEntry>
  <Date>4/5/2021 2:58:05 PM</Date>
  <Exception>
    <Module>SqlDatabase.ExecuteProcedure() failed, SqlException Occurred</Module>
    <ErrorNumber>2812</ErrorNumber>
    <Source>.Net SqlClient Data Provider</Source>
    <Message>Could not find stored procedure 'TAMSR2_ReaderTypeOps'.</Message>
    <Stack>   at System.Data.SqlClient.SqlConnection.OnError(SqlException exception, Boolean breakConnection, Action`1 wrapCloseInAction)
   at System.Data.SqlClient.SqlInternalConnection.OnError(SqlException exception, Boolean breakConnection, Action`1 wrapCloseInAction)
   at System.Data.SqlClient.TdsParser.ThrowExceptionAndWarning(TdsParserStateObject stateObj, Boolean callerHasConnectionLock, Boolean asyncClose)
   at System.Data.SqlClient.TdsParser.TryRun(RunBehavior runBehavior, SqlCommand cmdHandler, SqlDataReader dataStream, BulkCopySimpleResultSet bulkCopyHandler, TdsParserStateObject stateObj, Boolean&amp; dataReady)
   at System.Data.SqlClient.SqlDataReader.TryConsumeMetaData()
   at System.Data.SqlClient.SqlDataReader.get_MetaData()
   at System.Data.SqlClient.SqlCommand.FinishExecuteReader(SqlDataReader ds, RunBehavior runBehavior, String resetOptionsString, Boolean isInternal, Boolean forDescribeParameterEncryption, Boolean shouldCacheForAlwaysEncrypted)
   at System.Data.SqlClient.SqlCommand.RunExecuteReaderTds(CommandBehavior cmdBehavior, RunBehavior runBehavior, Boolean returnStream, Boolean async, Int32 timeout, Task&amp; task, Boolean asyncWrite, Boolean inRetry, SqlDataReader ds, Boolean describeParameterEncryptionRequest)
   at System.Data.SqlClient.SqlCommand.RunExecuteReader(CommandBehavior cmdBehavior, RunBehavior runBehavior, Boolean returnStream, String method, TaskCompletionSource`1 completion, Int32 timeout, Task&amp; task, Boolean&amp; usedCache, Boolean asyncWrite, Boolean inRetry)
   at System.Data.SqlClient.SqlCommand.RunExecuteReader(CommandBehavior cmdBehavior, RunBehavior runBehavior, Boolean returnStream, String method)
   at System.Data.SqlClient.SqlCommand.ExecuteReader(CommandBehavior behavior, String method)
   at System.Data.SqlClient.SqlCommand.ExecuteDbDataReader(CommandBehavior behavior)
   at System.Data.Common.DbCommand.System.Data.IDbCommand.ExecuteReader(CommandBehavior behavior)
   at System.Data.Common.DbDataAdapter.FillInternal(DataSet dataset, DataTable[] datatables, Int32 startRecord, Int32 maxRecords, String srcTable, IDbCommand command, CommandBehavior behavior)
   at System.Data.Common.DbDataAdapter.Fill(DataSet dataSet, Int32 startRecord, Int32 maxRecords, String srcTable, IDbCommand command, CommandBehavior behavior)
   at System.Data.Common.DbDataAdapter.Fill(DataSet dataSet, String srcTable)
   at TAMSR2Framework.DAL.SqlDatabase.TAMSR2Framework.DAL.IConnectable.ExecuteProcedure(String strProcedure, Hashtable htParameters) in F:\SirMuneeb\Agile Project\Projects\ADS-TIMECHECK-SAMBA\TAMSR2Framework\TAMSR2Framework\DAL\SqlDatabase.cs:line 202</Stack>
  </Exception>
</LogEntry>
<LogEntry>
  <Date>4/5/2021 2:58:40 PM</Date>
  <Exception>
    <Module>RequestPages/ReaderOpsPage.aspx.GerAll()</Module>
    <ErrorNumber>0</ErrorNumber>
    <Source>System.Data</Source>
    <Message>Index 0 is either negative or above rows count.</Message>
    <Stack>   at System.Data.DataView.GetRow(Int32 index)
   at System.Data.DataView.get_Item(Int32 recordIndex)
   at TAMSR2.RequestPages.ReaderPage.GetScreenMessageByDeviceID()</Stack>
  </Exception>
</LogEntry>
<LogEntry>
  <Date>4/5/2021 2:59:32 PM</Date>
  <Exception>
    <Module>RequestPages/ReaderOpsPage.aspx.GerAll()</Module>
    <ErrorNumber>0</ErrorNumber>
    <Source>System.Data</Source>
    <Message>Index 0 is either negative or above rows count.</Message>
    <Stack>   at System.Data.DataView.GetRow(Int32 index)
   at System.Data.DataView.get_Item(Int32 recordIndex)
   at TAMSR2.RequestPages.ReaderPage.GetScreenMessageByDeviceID()</Stack>
  </Exception>
</LogEntry>
<LogEntry>
  <Date>4/5/2021 2:59:33 PM</Date>
  <Exception>
    <Module>SqlDatabase.ExecuteProcedure() failed, SqlException Occurred</Module>
    <ErrorNumber>2812</ErrorNumber>
    <Source>.Net SqlClient Data Provider</Source>
    <Message>Could not find stored procedure 'TAMSR2_ReaderTypeOps'.</Message>
    <Stack>   at System.Data.SqlClient.SqlConnection.OnError(SqlException exception, Boolean breakConnection, Action`1 wrapCloseInAction)
   at System.Data.SqlClient.SqlInternalConnection.OnError(SqlException exception, Boolean breakConnection, Action`1 wrapCloseInAction)
   at System.Data.SqlClient.TdsParser.ThrowExceptionAndWarning(TdsParserStateObject stateObj, Boolean callerHasConnectionLock, Boolean asyncClose)
   at System.Data.SqlClient.TdsParser.TryRun(RunBehavior runBehavior, SqlCommand cmdHandler, SqlDataReader dataStream, BulkCopySimpleResultSet bulkCopyHandler, TdsParserStateObject stateObj, Boolean&amp; dataReady)
   at System.Data.SqlClient.SqlDataReader.TryConsumeMetaData()
   at System.Data.SqlClient.SqlDataReader.get_MetaData()
   at System.Data.SqlClient.SqlCommand.FinishExecuteReader(SqlDataReader ds, RunBehavior runBehavior, String resetOptionsString, Boolean isInternal, Boolean forDescribeParameterEncryption, Boolean shouldCacheForAlwaysEncrypted)
   at System.Data.SqlClient.SqlCommand.RunExecuteReaderTds(CommandBehavior cmdBehavior, RunBehavior runBehavior, Boolean returnStream, Boolean async, Int32 timeout, Task&amp; task, Boolean asyncWrite, Boolean inRetry, SqlDataReader ds, Boolean describeParameterEncryptionRequest)
   at System.Data.SqlClient.SqlCommand.RunExecuteReader(CommandBehavior cmdBehavior, RunBehavior runBehavior, Boolean returnStream, String method, TaskCompletionSource`1 completion, Int32 timeout, Task&amp; task, Boolean&amp; usedCache, Boolean asyncWrite, Boolean inRetry)
   at System.Data.SqlClient.SqlCommand.RunExecuteReader(CommandBehavior cmdBehavior, RunBehavior runBehavior, Boolean returnStream, String method)
   at System.Data.SqlClient.SqlCommand.ExecuteReader(CommandBehavior behavior, String method)
   at System.Data.SqlClient.SqlCommand.ExecuteDbDataReader(CommandBehavior behavior)
   at System.Data.Common.DbCommand.System.Data.IDbCommand.ExecuteReader(CommandBehavior behavior)
   at System.Data.Common.DbDataAdapter.FillInternal(DataSet dataset, DataTable[] datatables, Int32 startRecord, Int32 maxRecords, String srcTable, IDbCommand command, CommandBehavior behavior)
   at System.Data.Common.DbDataAdapter.Fill(DataSet dataSet, Int32 startRecord, Int32 maxRecords, String srcTable, IDbCommand command, CommandBehavior behavior)
   at System.Data.Common.DbDataAdapter.Fill(DataSet dataSet, String srcTable)
   at TAMSR2Framework.DAL.SqlDatabase.TAMSR2Framework.DAL.IConnectable.ExecuteProcedure(String strProcedure, Hashtable htParameters) in F:\SirMuneeb\Agile Project\Projects\ADS-TIMECHECK-SAMBA\TAMSR2Framework\TAMSR2Framework\DAL\SqlDatabase.cs:line 202</Stack>
  </Exception>
</LogEntry>
<LogEntry>
  <Date>4/5/2021 3:23:10 PM</Date>
  <Exception>
    <Module>RequestPages/ReaderOpsPage.aspx.GerAll()</Module>
    <ErrorNumber>0</ErrorNumber>
    <Source>System.Data</Source>
    <Message>Index 0 is either negative or above rows count.</Message>
    <Stack>   at System.Data.DataView.GetRow(Int32 index)
   at System.Data.DataView.get_Item(Int32 recordIndex)
   at TAMSR2.RequestPages.ReaderPage.GetScreenMessageByDeviceID()</Stack>
  </Exception>
</LogEntry>
<LogEntry>
  <Date>4/5/2021 3:25:17 PM</Date>
  <Exception>
    <Module>RequestPages/ReaderOpsPage.aspx.GerAll()</Module>
    <ErrorNumber>0</ErrorNumber>
    <Source>System.Data</Source>
    <Message>Index 0 is either negative or above rows count.</Message>
    <Stack>   at System.Data.DataView.GetRow(Int32 index)
   at System.Data.DataView.get_Item(Int32 recordIndex)
   at TAMSR2.RequestPages.ReaderPage.GetScreenMessageByDeviceID()</Stack>
  </Exception>
</LogEntry>
<LogEntry>
  <Date>4/5/2021 3:35:21 PM</Date>
  <Exception>
    <Module>RequestPages/ReaderOpsPage.aspx.GerAll()</Module>
    <ErrorNumber>0</ErrorNumber>
    <Source>System.Data</Source>
    <Message>Index 0 is either negative or above rows count.</Message>
    <Stack>   at System.Data.DataView.GetRow(Int32 index)
   at System.Data.DataView.get_Item(Int32 recordIndex)
   at TAMSR2.RequestPages.ReaderPage.GetScreenMessageByDeviceID()</Stack>
  </Exception>
</LogEntry>
<LogEntry>
  <Date>4/5/2021 3:36:38 PM</Date>
  <Exception>
    <Module>RequestPages/ReaderOpsPage.aspx.GerAll()</Module>
    <ErrorNumber>0</ErrorNumber>
    <Source>System.Data</Source>
    <Message>Index 0 is either negative or above rows count.</Message>
    <Stack>   at System.Data.DataView.GetRow(Int32 index)
   at System.Data.DataView.get_Item(Int32 recordIndex)
   at TAMSR2.RequestPages.ReaderPage.GetScreenMessageByDeviceID()</Stack>
  </Exception>
</LogEntry>
<LogEntry>
  <Date>4/5/2021 3:43:05 PM</Date>
  <Exception>
    <Module>RequestPages/ReaderOpsPage.aspx.GerAll()</Module>
    <ErrorNumber>0</ErrorNumber>
    <Source>System.Data</Source>
    <Message>Index 0 is either negative or above rows count.</Message>
    <Stack>   at System.Data.DataView.GetRow(Int32 index)
   at System.Data.DataView.get_Item(Int32 recordIndex)
   at TAMSR2.RequestPages.ReaderPage.GetScreenMessageByDeviceID()</Stack>
  </Exception>
</LogEntry>
<LogEntry>
  <Date>4/5/2021 3:46:26 PM</Date>
  <Exception>
    <Module>RequestPages/ReaderOpsPage.aspx.GerAll()</Module>
    <ErrorNumber>0</ErrorNumber>
    <Source>System.Data</Source>
    <Message>Index 0 is either negative or above rows count.</Message>
    <Stack>   at System.Data.DataView.GetRow(Int32 index)
   at System.Data.DataView.get_Item(Int32 recordIndex)
   at TAMSR2.RequestPages.ReaderPage.GetScreenMessageByDeviceID()</Stack>
  </Exception>
</LogEntry>
<LogEntry>
  <Date>4/5/2021 3:48:57 PM</Date>
  <Exception>
    <Module>RequestPages/ReaderOpsPage.aspx.GerAll()</Module>
    <ErrorNumber>0</ErrorNumber>
    <Source>System.Data</Source>
    <Message>Index 0 is either negative or above rows count.</Message>
    <Stack>   at System.Data.DataView.GetRow(Int32 index)
   at System.Data.DataView.get_Item(Int32 recordIndex)
   at TAMSR2.RequestPages.ReaderPage.GetScreenMessageByDeviceID()</Stack>
  </Exception>
</LogEntry>
<LogEntry>
  <Date>4/5/2021 3:52:37 PM</Date>
  <Exception>
    <Module>RequestPages/ReaderOpsPage.aspx.GerAll()</Module>
    <ErrorNumber>0</ErrorNumber>
    <Source>System.Data</Source>
    <Message>Index 0 is either negative or above rows count.</Message>
    <Stack>   at System.Data.DataView.GetRow(Int32 index)
   at System.Data.DataView.get_Item(Int32 recordIndex)
   at TAMSR2.RequestPages.ReaderPage.GetScreenMessageByDeviceID()</Stack>
  </Exception>
</LogEntry>
<LogEntry>
  <Date>4/5/2021 3:53:02 PM</Date>
  <Exception>
    <Module>RequestPages/ReaderOpsPage.aspx.GerAll()</Module>
    <ErrorNumber>0</ErrorNumber>
    <Source>System.Data</Source>
    <Message>Index 0 is either negative or above rows count.</Message>
    <Stack>   at System.Data.DataView.GetRow(Int32 index)
   at System.Data.DataView.get_Item(Int32 recordIndex)
   at TAMSR2.RequestPages.ReaderPage.GetScreenMessageByDeviceID()</Stack>
  </Exception>
</LogEntry>
<LogEntry>
  <Date>4/5/2021 3:54:04 PM</Date>
  <Exception>
    <Module>RequestPages/ReaderOpsPage.aspx.GerAll()</Module>
    <ErrorNumber>0</ErrorNumber>
    <Source>System.Data</Source>
    <Message>Index 0 is either negative or above rows count.</Message>
    <Stack>   at System.Data.DataView.GetRow(Int32 index)
   at System.Data.DataView.get_Item(Int32 recordIndex)
   at TAMSR2.RequestPages.ReaderPage.GetScreenMessageByDeviceID()</Stack>
  </Exception>
</LogEntry>
<LogEntry>
  <Date>4/5/2021 3:55:38 PM</Date>
  <Exception>
    <Module>RequestPages/ReaderOpsPage.aspx.GerAll()</Module>
    <ErrorNumber>0</ErrorNumber>
    <Source>System.Data</Source>
    <Message>Index 0 is either negative or above rows count.</Message>
    <Stack>   at System.Data.DataView.GetRow(Int32 index)
   at System.Data.DataView.get_Item(Int32 recordIndex)
   at TAMSR2.RequestPages.ReaderPage.GetScreenMessageByDeviceID()</Stack>
  </Exception>
</LogEntry>
<LogEntry>
  <Date>4/5/2021 3:55:49 PM</Date>
  <Exception>
    <Module>RequestPages/ReaderOpsPage.aspx.GerAll()</Module>
    <ErrorNumber>0</ErrorNumber>
    <Source>System.Data</Source>
    <Message>Index 0 is either negative or above rows count.</Message>
    <Stack>   at System.Data.DataView.GetRow(Int32 index)
   at System.Data.DataView.get_Item(Int32 recordIndex)
   at TAMSR2.RequestPages.ReaderPage.GetScreenMessageByDeviceID()</Stack>
  </Exception>
</LogEntry>
<LogEntry>
  <Date>4/5/2021 3:55:58 PM</Date>
  <Exception>
    <Module>RequestPages/ReaderOpsPage.aspx.GerAll()</Module>
    <ErrorNumber>0</ErrorNumber>
    <Source>System.Data</Source>
    <Message>Index 0 is either negative or above rows count.</Message>
    <Stack>   at System.Data.DataView.GetRow(Int32 index)
   at System.Data.DataView.get_Item(Int32 recordIndex)
   at TAMSR2.RequestPages.ReaderPage.GetScreenMessageByDeviceID()</Stack>
  </Exception>
</LogEntry>
<LogEntry>
  <Date>4/5/2021 3:56:54 PM</Date>
  <Exception>
    <Module>RequestPages/ReaderOpsPage.aspx.GerAll()</Module>
    <ErrorNumber>0</ErrorNumber>
    <Source>System.Data</Source>
    <Message>Index 0 is either negative or above rows count.</Message>
    <Stack>   at System.Data.DataView.GetRow(Int32 index)
   at System.Data.DataView.get_Item(Int32 recordIndex)
   at TAMSR2.RequestPages.ReaderPage.GetScreenMessageByDeviceID()</Stack>
  </Exception>
</LogEntry>
<LogEntry>
  <Date>4/5/2021 4:00:32 PM</Date>
  <Exception>
    <Module>RequestPages/ReaderOpsPage.aspx.GerAll()</Module>
    <ErrorNumber>0</ErrorNumber>
    <Source>System.Data</Source>
    <Message>Index 0 is either negative or above rows count.</Message>
    <Stack>   at System.Data.DataView.GetRow(Int32 index)
   at System.Data.DataView.get_Item(Int32 recordIndex)
   at TAMSR2.RequestPages.ReaderPage.GetScreenMessageByDeviceID()</Stack>
  </Exception>
</LogEntry>
<LogEntry>
  <Date>4/5/2021 4:01:54 PM</Date>
  <Exception>
    <Module>RequestPages/ReaderOpsPage.aspx.GerAll()</Module>
    <ErrorNumber>0</ErrorNumber>
    <Source>System.Data</Source>
    <Message>Index 0 is either negative or above rows count.</Message>
    <Stack>   at System.Data.DataView.GetRow(Int32 index)
   at System.Data.DataView.get_Item(Int32 recordIndex)
   at TAMSR2.RequestPages.ReaderPage.GetScreenMessageByDeviceID()</Stack>
  </Exception>
</LogEntry>
<LogEntry>
  <Date>4/5/2021 4:04:36 PM</Date>
  <Exception>
    <Module>RequestPages/ReaderOpsPage.aspx.GerAll()</Module>
    <ErrorNumber>0</ErrorNumber>
    <Source>System.Data</Source>
    <Message>Index 0 is either negative or above rows count.</Message>
    <Stack>   at System.Data.DataView.GetRow(Int32 index)
   at System.Data.DataView.get_Item(Int32 recordIndex)
   at TAMSR2.RequestPages.ReaderPage.GetScreenMessageByDeviceID()</Stack>
  </Exception>
</LogEntry>
<LogEntry>
  <Date>4/5/2021 4:05:41 PM</Date>
  <Exception>
    <Module>RequestPages/ReaderOpsPage.aspx.GerAll()</Module>
    <ErrorNumber>0</ErrorNumber>
    <Source>System.Data</Source>
    <Message>Index 0 is either negative or above rows count.</Message>
    <Stack>   at System.Data.DataView.GetRow(Int32 index)
   at System.Data.DataView.get_Item(Int32 recordIndex)
   at TAMSR2.RequestPages.ReaderPage.GetScreenMessageByDeviceID()</Stack>
  </Exception>
</LogEntry>
<LogEntry>
  <Date>4/5/2021 4:06:11 PM</Date>
  <Exception>
    <Module>RequestPages/ReaderOpsPage.aspx.GerAll()</Module>
    <ErrorNumber>0</ErrorNumber>
    <Source>System.Data</Source>
    <Message>Index 0 is either negative or above rows count.</Message>
    <Stack>   at System.Data.DataView.GetRow(Int32 index)
   at System.Data.DataView.get_Item(Int32 recordIndex)
   at TAMSR2.RequestPages.ReaderPage.GetScreenMessageByDeviceID()</Stack>
  </Exception>
</LogEntry>
<LogEntry>
  <Date>4/5/2021 4:13:20 PM</Date>
  <Exception>
    <Module>RequestPages/ReaderOpsPage.aspx.GerAll()</Module>
    <ErrorNumber>0</ErrorNumber>
    <Source>System.Data</Source>
    <Message>Index 0 is either negative or above rows count.</Message>
    <Stack>   at System.Data.DataView.GetRow(Int32 index)
   at System.Data.DataView.get_Item(Int32 recordIndex)
   at TAMSR2.RequestPages.ReaderPage.GetScreenMessageByDeviceID()</Stack>
  </Exception>
</LogEntry>
<LogEntry>
  <Date>4/5/2021 4:13:54 PM</Date>
  <Exception>
    <Module>RequestPages/ReaderOpsPage.aspx.GerAll()</Module>
    <ErrorNumber>0</ErrorNumber>
    <Source>System.Data</Source>
    <Message>Index 0 is either negative or above rows count.</Message>
    <Stack>   at System.Data.DataView.GetRow(Int32 index)
   at System.Data.DataView.get_Item(Int32 recordIndex)
   at TAMSR2.RequestPages.ReaderPage.GetScreenMessageByDeviceID()</Stack>
  </Exception>
</LogEntry>
<LogEntry>
  <Date>4/5/2021 4:17:04 PM</Date>
  <Exception>
    <Module>RequestPages/ReaderOpsPage.aspx.GerAll()</Module>
    <ErrorNumber>0</ErrorNumber>
    <Source>System.Data</Source>
    <Message>Index 0 is either negative or above rows count.</Message>
    <Stack>   at System.Data.DataView.GetRow(Int32 index)
   at System.Data.DataView.get_Item(Int32 recordIndex)
   at TAMSR2.RequestPages.ReaderPage.GetScreenMessageByDeviceID()</Stack>
  </Exception>
</LogEntry>
<LogEntry>
  <Date>4/5/2021 4:32:26 PM</Date>
  <Exception>
    <Module>RequestPages/ReaderOpsPage.aspx.GerAll()</Module>
    <ErrorNumber>0</ErrorNumber>
    <Source>System.Data</Source>
    <Message>Index 0 is either negative or above rows count.</Message>
    <Stack>   at System.Data.DataView.GetRow(Int32 index)
   at System.Data.DataView.get_Item(Int32 recordIndex)
   at TAMSR2.RequestPages.ReaderPage.GetScreenMessageByDeviceID()</Stack>
  </Exception>
</LogEntry>
<LogEntry>
  <Date>4/5/2021 4:32:45 PM</Date>
  <Exception>
    <Module>RequestPages/ReaderOpsPage.aspx.GerAll()</Module>
    <ErrorNumber>0</ErrorNumber>
    <Source>System.Data</Source>
    <Message>Index 0 is either negative or above rows count.</Message>
    <Stack>   at System.Data.DataView.GetRow(Int32 index)
   at System.Data.DataView.get_Item(Int32 recordIndex)
   at TAMSR2.RequestPages.ReaderPage.GetScreenMessageByDeviceID()</Stack>
  </Exception>
</LogEntry>
<LogEntry>
  <Date>4/5/2021 4:32:56 PM</Date>
  <Exception>
    <Module>RequestPages/ReaderOpsPage.aspx.GerAll()</Module>
    <ErrorNumber>0</ErrorNumber>
    <Source>System.Data</Source>
    <Message>Index 0 is either negative or above rows count.</Message>
    <Stack>   at System.Data.DataView.GetRow(Int32 index)
   at System.Data.DataView.get_Item(Int32 recordIndex)
   at TAMSR2.RequestPages.ReaderPage.GetScreenMessageByDeviceID()</Stack>
  </Exception>
</LogEntry>
<LogEntry>
  <Date>4/5/2021 4:34:09 PM</Date>
  <Exception>
    <Module>RequestPages/ReaderOpsPage.aspx.GerAll()</Module>
    <ErrorNumber>0</ErrorNumber>
    <Source>System.Data</Source>
    <Message>Index 0 is either negative or above rows count.</Message>
    <Stack>   at System.Data.DataView.GetRow(Int32 index)
   at System.Data.DataView.get_Item(Int32 recordIndex)
   at TAMSR2.RequestPages.ReaderPage.GetScreenMessageByDeviceID()</Stack>
  </Exception>
</LogEntry>
<LogEntry>
  <Date>4/5/2021 4:35:03 PM</Date>
  <Exception>
    <Module>SqlDatabase.ExecuteProcedure() failed, SqlException Occurred</Module>
    <ErrorNumber>2812</ErrorNumber>
    <Source>.Net SqlClient Data Provider</Source>
    <Message>Could not find stored procedure 'TAMSR2_ReaderTypeOps'.</Message>
    <Stack>   at System.Data.SqlClient.SqlConnection.OnError(SqlException exception, Boolean breakConnection, Action`1 wrapCloseInAction)
   at System.Data.SqlClient.SqlInternalConnection.OnError(SqlException exception, Boolean breakConnection, Action`1 wrapCloseInAction)
   at System.Data.SqlClient.TdsParser.ThrowExceptionAndWarning(TdsParserStateObject stateObj, Boolean callerHasConnectionLock, Boolean asyncClose)
   at System.Data.SqlClient.TdsParser.TryRun(RunBehavior runBehavior, SqlCommand cmdHandler, SqlDataReader dataStream, BulkCopySimpleResultSet bulkCopyHandler, TdsParserStateObject stateObj, Boolean&amp; dataReady)
   at System.Data.SqlClient.SqlDataReader.TryConsumeMetaData()
   at System.Data.SqlClient.SqlDataReader.get_MetaData()
   at System.Data.SqlClient.SqlCommand.FinishExecuteReader(SqlDataReader ds, RunBehavior runBehavior, String resetOptionsString, Boolean isInternal, Boolean forDescribeParameterEncryption, Boolean shouldCacheForAlwaysEncrypted)
   at System.Data.SqlClient.SqlCommand.RunExecuteReaderTds(CommandBehavior cmdBehavior, RunBehavior runBehavior, Boolean returnStream, Boolean async, Int32 timeout, Task&amp; task, Boolean asyncWrite, Boolean inRetry, SqlDataReader ds, Boolean describeParameterEncryptionRequest)
   at System.Data.SqlClient.SqlCommand.RunExecuteReader(CommandBehavior cmdBehavior, RunBehavior runBehavior, Boolean returnStream, String method, TaskCompletionSource`1 completion, Int32 timeout, Task&amp; task, Boolean&amp; usedCache, Boolean asyncWrite, Boolean inRetry)
   at System.Data.SqlClient.SqlCommand.RunExecuteReader(CommandBehavior cmdBehavior, RunBehavior runBehavior, Boolean returnStream, String method)
   at System.Data.SqlClient.SqlCommand.ExecuteReader(CommandBehavior behavior, String method)
   at System.Data.SqlClient.SqlCommand.ExecuteDbDataReader(CommandBehavior behavior)
   at System.Data.Common.DbCommand.System.Data.IDbCommand.ExecuteReader(CommandBehavior behavior)
   at System.Data.Common.DbDataAdapter.FillInternal(DataSet dataset, DataTable[] datatables, Int32 startRecord, Int32 maxRecords, String srcTable, IDbCommand command, CommandBehavior behavior)
   at System.Data.Common.DbDataAdapter.Fill(DataSet dataSet, Int32 startRecord, Int32 maxRecords, String srcTable, IDbCommand command, CommandBehavior behavior)
   at System.Data.Common.DbDataAdapter.Fill(DataSet dataSet, String srcTable)
   at TAMSR2Framework.DAL.SqlDatabase.TAMSR2Framework.DAL.IConnectable.ExecuteProcedure(String strProcedure, Hashtable htParameters) in F:\SirMuneeb\Agile Project\Projects\ADS-TIMECHECK-SAMBA\TAMSR2Framework\TAMSR2Framework\DAL\SqlDatabase.cs:line 202</Stack>
  </Exception>
</LogEntry>
