<LogEntry>
  <Date>4/22/2021 10:10:36 AM</Date>
  <Exception>
    <Module>SqlDatabase.ExecuteProcedure() failed, SqlException Occurred</Module>
    <ErrorNumber>2812</ErrorNumber>
    <Source>.Net SqlClient Data Provider</Source>
    <Message>Could not find stored procedure 'TAMSR2_ReaderTypeOps'.</Message>
    <Stack>   at System.Data.SqlClient.SqlConnection.OnError(SqlException exception, Boolean breakConnection, Action`1 wrapCloseInAction)
   at System.Data.SqlClient.SqlInternalConnection.OnError(SqlException exception, Boolean breakConnection, Action`1 wrapCloseInAction)
   at System.Data.SqlClient.TdsParser.ThrowExceptionAndWarning(TdsParserStateObject stateObj, Boolean callerHasConnectionLock, Boolean asyncClose)
   at System.Data.SqlClient.TdsParser.TryRun(RunBehavior runBehavior, SqlCommand cmdHandler, SqlDataReader dataStream, BulkCopySimpleResultSet bulkCopyHandler, TdsParserStateObject stateObj, Boolean&amp; dataReady)
   at System.Data.SqlClient.SqlDataReader.TryConsumeMetaData()
   at System.Data.SqlClient.SqlDataReader.get_MetaData()
   at System.Data.SqlClient.SqlCommand.FinishExecuteReader(SqlDataReader ds, RunBehavior runBehavior, String resetOptionsString, Boolean isInternal, Boolean forDescribeParameterEncryption, Boolean shouldCacheForAlwaysEncrypted)
   at System.Data.SqlClient.SqlCommand.RunExecuteReaderTds(CommandBehavior cmdBehavior, RunBehavior runBehavior, Boolean returnStream, Boolean async, Int32 timeout, Task&amp; task, Boolean asyncWrite, Boolean inRetry, SqlDataReader ds, Boolean describeParameterEncryptionRequest)
   at System.Data.SqlClient.SqlCommand.RunExecuteReader(CommandBehavior cmdBehavior, RunBehavior runBehavior, Boolean returnStream, String method, TaskCompletionSource`1 completion, Int32 timeout, Task&amp; task, Boolean&amp; usedCache, Boolean asyncWrite, Boolean inRetry)
   at System.Data.SqlClient.SqlCommand.RunExecuteReader(CommandBehavior cmdBehavior, RunBehavior runBehavior, Boolean returnStream, String method)
   at System.Data.SqlClient.SqlCommand.ExecuteReader(CommandBehavior behavior, String method)
   at System.Data.SqlClient.SqlCommand.ExecuteDbDataReader(CommandBehavior behavior)
   at System.Data.Common.DbCommand.System.Data.IDbCommand.ExecuteReader(CommandBehavior behavior)
   at System.Data.Common.DbDataAdapter.FillInternal(DataSet dataset, DataTable[] datatables, Int32 startRecord, Int32 maxRecords, String srcTable, IDbCommand command, CommandBehavior behavior)
   at System.Data.Common.DbDataAdapter.Fill(DataSet dataSet, Int32 startRecord, Int32 maxRecords, String srcTable, IDbCommand command, CommandBehavior behavior)
   at System.Data.Common.DbDataAdapter.Fill(DataSet dataSet, String srcTable)
   at TAMSR2Framework.DAL.SqlDatabase.TAMSR2Framework.DAL.IConnectable.ExecuteProcedure(String strProcedure, Hashtable htParameters) in D:\source-code\TIMECHECK\CMI\ADS_TIMECHECK_CMI\TAMSR2Framework\TAMSR2Framework\DAL\SqlDatabase.cs:line 202</Stack>
  </Exception>
</LogEntry>
<LogEntry>
  <Date>4/22/2021 10:10:46 AM</Date>
  <Exception>
    <Module>RequestPages/ReaderOpsPage.aspx.GerAll()</Module>
    <ErrorNumber>0</ErrorNumber>
    <Source>System.Data</Source>
    <Message>Index 0 is either negative or above rows count.</Message>
    <Stack>   at System.Data.DataView.GetRow(Int32 index)
   at System.Data.DataView.get_Item(Int32 recordIndex)
   at TAMSR2.RequestPages.ReaderPage.GetScreenMessageByDeviceID() in D:\source-code\TIMECHECK\CMI\ADS_TIMECHECK_CMI\TAMSR2\TAMSR2\RequestPages\ReaderPage.aspx.cs:line 1476</Stack>
  </Exception>
</LogEntry>
<LogEntry>
  <Date>4/22/2021 10:23:04 AM</Date>
  <Exception>
    <Module>SqlDatabase.ExecuteProcedure() failed, SqlException Occurred</Module>
    <ErrorNumber>2812</ErrorNumber>
    <Source>.Net SqlClient Data Provider</Source>
    <Message>Could not find stored procedure 'TAMSR2_ReaderTypeOps'.</Message>
    <Stack>   at System.Data.SqlClient.SqlConnection.OnError(SqlException exception, Boolean breakConnection, Action`1 wrapCloseInAction)
   at System.Data.SqlClient.SqlInternalConnection.OnError(SqlException exception, Boolean breakConnection, Action`1 wrapCloseInAction)
   at System.Data.SqlClient.TdsParser.ThrowExceptionAndWarning(TdsParserStateObject stateObj, Boolean callerHasConnectionLock, Boolean asyncClose)
   at System.Data.SqlClient.TdsParser.TryRun(RunBehavior runBehavior, SqlCommand cmdHandler, SqlDataReader dataStream, BulkCopySimpleResultSet bulkCopyHandler, TdsParserStateObject stateObj, Boolean&amp; dataReady)
   at System.Data.SqlClient.SqlDataReader.TryConsumeMetaData()
   at System.Data.SqlClient.SqlDataReader.get_MetaData()
   at System.Data.SqlClient.SqlCommand.FinishExecuteReader(SqlDataReader ds, RunBehavior runBehavior, String resetOptionsString, Boolean isInternal, Boolean forDescribeParameterEncryption, Boolean shouldCacheForAlwaysEncrypted)
   at System.Data.SqlClient.SqlCommand.RunExecuteReaderTds(CommandBehavior cmdBehavior, RunBehavior runBehavior, Boolean returnStream, Boolean async, Int32 timeout, Task&amp; task, Boolean asyncWrite, Boolean inRetry, SqlDataReader ds, Boolean describeParameterEncryptionRequest)
   at System.Data.SqlClient.SqlCommand.RunExecuteReader(CommandBehavior cmdBehavior, RunBehavior runBehavior, Boolean returnStream, String method, TaskCompletionSource`1 completion, Int32 timeout, Task&amp; task, Boolean&amp; usedCache, Boolean asyncWrite, Boolean inRetry)
   at System.Data.SqlClient.SqlCommand.RunExecuteReader(CommandBehavior cmdBehavior, RunBehavior runBehavior, Boolean returnStream, String method)
   at System.Data.SqlClient.SqlCommand.ExecuteReader(CommandBehavior behavior, String method)
   at System.Data.SqlClient.SqlCommand.ExecuteDbDataReader(CommandBehavior behavior)
   at System.Data.Common.DbCommand.System.Data.IDbCommand.ExecuteReader(CommandBehavior behavior)
   at System.Data.Common.DbDataAdapter.FillInternal(DataSet dataset, DataTable[] datatables, Int32 startRecord, Int32 maxRecords, String srcTable, IDbCommand command, CommandBehavior behavior)
   at System.Data.Common.DbDataAdapter.Fill(DataSet dataSet, Int32 startRecord, Int32 maxRecords, String srcTable, IDbCommand command, CommandBehavior behavior)
   at System.Data.Common.DbDataAdapter.Fill(DataSet dataSet, String srcTable)
   at TAMSR2Framework.DAL.SqlDatabase.TAMSR2Framework.DAL.IConnectable.ExecuteProcedure(String strProcedure, Hashtable htParameters) in D:\source-code\TIMECHECK\CMI\ADS_TIMECHECK_CMI\TAMSR2Framework\TAMSR2Framework\DAL\SqlDatabase.cs:line 202</Stack>
  </Exception>
</LogEntry>
<LogEntry>
  <Date>4/22/2021 10:23:12 AM</Date>
  <Exception>
    <Module>RequestPages/ReaderOpsPage.aspx.GerAll()</Module>
    <ErrorNumber>0</ErrorNumber>
    <Source>System.Data</Source>
    <Message>Index 0 is either negative or above rows count.</Message>
    <Stack>   at System.Data.DataView.GetRow(Int32 index)
   at System.Data.DataView.get_Item(Int32 recordIndex)
   at TAMSR2.RequestPages.ReaderPage.GetScreenMessageByDeviceID() in D:\source-code\TIMECHECK\CMI\ADS_TIMECHECK_CMI\TAMSR2\TAMSR2\RequestPages\ReaderPage.aspx.cs:line 1476</Stack>
  </Exception>
</LogEntry>
<LogEntry>
  <Date>4/22/2021 10:24:57 AM</Date>
  <Exception>
    <Module>RequestPages/ReaderOpsPage.aspx.GerAll()</Module>
    <ErrorNumber>0</ErrorNumber>
    <Source>System.Data</Source>
    <Message>Index 0 is either negative or above rows count.</Message>
    <Stack>   at System.Data.DataView.GetRow(Int32 index)
   at System.Data.DataView.get_Item(Int32 recordIndex)
   at TAMSR2.RequestPages.ReaderPage.GetScreenMessageByDeviceID() in D:\source-code\TIMECHECK\CMI\ADS_TIMECHECK_CMI\TAMSR2\TAMSR2\RequestPages\ReaderPage.aspx.cs:line 1476</Stack>
  </Exception>
</LogEntry>
<LogEntry>
  <Date>4/22/2021 10:36:00 AM</Date>
  <Exception>
    <Module>SqlDatabase.ExecuteProcedure() failed, SqlException Occurred</Module>
    <ErrorNumber>2812</ErrorNumber>
    <Source>.Net SqlClient Data Provider</Source>
    <Message>Could not find stored procedure 'TAMSR2_ReaderTypeOps'.</Message>
    <Stack>   at System.Data.SqlClient.SqlConnection.OnError(SqlException exception, Boolean breakConnection, Action`1 wrapCloseInAction)
   at System.Data.SqlClient.SqlInternalConnection.OnError(SqlException exception, Boolean breakConnection, Action`1 wrapCloseInAction)
   at System.Data.SqlClient.TdsParser.ThrowExceptionAndWarning(TdsParserStateObject stateObj, Boolean callerHasConnectionLock, Boolean asyncClose)
   at System.Data.SqlClient.TdsParser.TryRun(RunBehavior runBehavior, SqlCommand cmdHandler, SqlDataReader dataStream, BulkCopySimpleResultSet bulkCopyHandler, TdsParserStateObject stateObj, Boolean&amp; dataReady)
   at System.Data.SqlClient.SqlDataReader.TryConsumeMetaData()
   at System.Data.SqlClient.SqlDataReader.get_MetaData()
   at System.Data.SqlClient.SqlCommand.FinishExecuteReader(SqlDataReader ds, RunBehavior runBehavior, String resetOptionsString, Boolean isInternal, Boolean forDescribeParameterEncryption, Boolean shouldCacheForAlwaysEncrypted)
   at System.Data.SqlClient.SqlCommand.RunExecuteReaderTds(CommandBehavior cmdBehavior, RunBehavior runBehavior, Boolean returnStream, Boolean async, Int32 timeout, Task&amp; task, Boolean asyncWrite, Boolean inRetry, SqlDataReader ds, Boolean describeParameterEncryptionRequest)
   at System.Data.SqlClient.SqlCommand.RunExecuteReader(CommandBehavior cmdBehavior, RunBehavior runBehavior, Boolean returnStream, String method, TaskCompletionSource`1 completion, Int32 timeout, Task&amp; task, Boolean&amp; usedCache, Boolean asyncWrite, Boolean inRetry)
   at System.Data.SqlClient.SqlCommand.RunExecuteReader(CommandBehavior cmdBehavior, RunBehavior runBehavior, Boolean returnStream, String method)
   at System.Data.SqlClient.SqlCommand.ExecuteReader(CommandBehavior behavior, String method)
   at System.Data.SqlClient.SqlCommand.ExecuteDbDataReader(CommandBehavior behavior)
   at System.Data.Common.DbCommand.System.Data.IDbCommand.ExecuteReader(CommandBehavior behavior)
   at System.Data.Common.DbDataAdapter.FillInternal(DataSet dataset, DataTable[] datatables, Int32 startRecord, Int32 maxRecords, String srcTable, IDbCommand command, CommandBehavior behavior)
   at System.Data.Common.DbDataAdapter.Fill(DataSet dataSet, Int32 startRecord, Int32 maxRecords, String srcTable, IDbCommand command, CommandBehavior behavior)
   at System.Data.Common.DbDataAdapter.Fill(DataSet dataSet, String srcTable)
   at TAMSR2Framework.DAL.SqlDatabase.TAMSR2Framework.DAL.IConnectable.ExecuteProcedure(String strProcedure, Hashtable htParameters) in D:\source-code\TIMECHECK\CMI\ADS_TIMECHECK_CMI\TAMSR2Framework\TAMSR2Framework\DAL\SqlDatabase.cs:line 202</Stack>
  </Exception>
</LogEntry>
<LogEntry>
  <Date>4/22/2021 10:36:08 AM</Date>
  <Exception>
    <Module>RequestPages/ReaderOpsPage.aspx.GerAll()</Module>
    <ErrorNumber>0</ErrorNumber>
    <Source>System.Data</Source>
    <Message>Index 0 is either negative or above rows count.</Message>
    <Stack>   at System.Data.DataView.GetRow(Int32 index)
   at System.Data.DataView.get_Item(Int32 recordIndex)
   at TAMSR2.RequestPages.ReaderPage.GetScreenMessageByDeviceID() in D:\source-code\TIMECHECK\CMI\ADS_TIMECHECK_CMI\TAMSR2\TAMSR2\RequestPages\ReaderPage.aspx.cs:line 1476</Stack>
  </Exception>
</LogEntry>
<LogEntry>
  <Date>4/22/2021 10:46:25 AM</Date>
  <Exception>
    <Module>RequestPages/ReaderOpsPage.aspx.GerAll()</Module>
    <ErrorNumber>0</ErrorNumber>
    <Source>System.Data</Source>
    <Message>Index 0 is either negative or above rows count.</Message>
    <Stack>   at System.Data.DataView.GetRow(Int32 index)
   at System.Data.DataView.get_Item(Int32 recordIndex)
   at TAMSR2.RequestPages.ReaderPage.GetScreenMessageByDeviceID() in D:\source-code\TIMECHECK\CMI\ADS_TIMECHECK_CMI\TAMSR2\TAMSR2\RequestPages\ReaderPage.aspx.cs:line 1476</Stack>
  </Exception>
</LogEntry>
<LogEntry>
  <Date>4/22/2021 10:54:57 AM</Date>
  <Exception>
    <Module>SqlDatabase.ExecuteProcedure() failed, SqlException Occurred</Module>
    <ErrorNumber>2812</ErrorNumber>
    <Source>.Net SqlClient Data Provider</Source>
    <Message>Could not find stored procedure 'TAMSR2_ReaderTypeOps'.</Message>
    <Stack>   at System.Data.SqlClient.SqlConnection.OnError(SqlException exception, Boolean breakConnection, Action`1 wrapCloseInAction)
   at System.Data.SqlClient.SqlInternalConnection.OnError(SqlException exception, Boolean breakConnection, Action`1 wrapCloseInAction)
   at System.Data.SqlClient.TdsParser.ThrowExceptionAndWarning(TdsParserStateObject stateObj, Boolean callerHasConnectionLock, Boolean asyncClose)
   at System.Data.SqlClient.TdsParser.TryRun(RunBehavior runBehavior, SqlCommand cmdHandler, SqlDataReader dataStream, BulkCopySimpleResultSet bulkCopyHandler, TdsParserStateObject stateObj, Boolean&amp; dataReady)
   at System.Data.SqlClient.SqlDataReader.TryConsumeMetaData()
   at System.Data.SqlClient.SqlDataReader.get_MetaData()
   at System.Data.SqlClient.SqlCommand.FinishExecuteReader(SqlDataReader ds, RunBehavior runBehavior, String resetOptionsString, Boolean isInternal, Boolean forDescribeParameterEncryption, Boolean shouldCacheForAlwaysEncrypted)
   at System.Data.SqlClient.SqlCommand.RunExecuteReaderTds(CommandBehavior cmdBehavior, RunBehavior runBehavior, Boolean returnStream, Boolean async, Int32 timeout, Task&amp; task, Boolean asyncWrite, Boolean inRetry, SqlDataReader ds, Boolean describeParameterEncryptionRequest)
   at System.Data.SqlClient.SqlCommand.RunExecuteReader(CommandBehavior cmdBehavior, RunBehavior runBehavior, Boolean returnStream, String method, TaskCompletionSource`1 completion, Int32 timeout, Task&amp; task, Boolean&amp; usedCache, Boolean asyncWrite, Boolean inRetry)
   at System.Data.SqlClient.SqlCommand.RunExecuteReader(CommandBehavior cmdBehavior, RunBehavior runBehavior, Boolean returnStream, String method)
   at System.Data.SqlClient.SqlCommand.ExecuteReader(CommandBehavior behavior, String method)
   at System.Data.SqlClient.SqlCommand.ExecuteDbDataReader(CommandBehavior behavior)
   at System.Data.Common.DbCommand.System.Data.IDbCommand.ExecuteReader(CommandBehavior behavior)
   at System.Data.Common.DbDataAdapter.FillInternal(DataSet dataset, DataTable[] datatables, Int32 startRecord, Int32 maxRecords, String srcTable, IDbCommand command, CommandBehavior behavior)
   at System.Data.Common.DbDataAdapter.Fill(DataSet dataSet, Int32 startRecord, Int32 maxRecords, String srcTable, IDbCommand command, CommandBehavior behavior)
   at System.Data.Common.DbDataAdapter.Fill(DataSet dataSet, String srcTable)
   at TAMSR2Framework.DAL.SqlDatabase.TAMSR2Framework.DAL.IConnectable.ExecuteProcedure(String strProcedure, Hashtable htParameters) in D:\source-code\TIMECHECK\CMI\ADS_TIMECHECK_CMI\TAMSR2Framework\TAMSR2Framework\DAL\SqlDatabase.cs:line 202</Stack>
  </Exception>
</LogEntry>
<LogEntry>
  <Date>4/22/2021 10:55:20 AM</Date>
  <Exception>
    <Module>RequestPages/ReaderOpsPage.aspx.GerAll()</Module>
    <ErrorNumber>0</ErrorNumber>
    <Source>System.Data</Source>
    <Message>Index 0 is either negative or above rows count.</Message>
    <Stack>   at System.Data.DataView.GetRow(Int32 index)
   at System.Data.DataView.get_Item(Int32 recordIndex)
   at TAMSR2.RequestPages.ReaderPage.GetScreenMessageByDeviceID() in D:\source-code\TIMECHECK\CMI\ADS_TIMECHECK_CMI\TAMSR2\TAMSR2\RequestPages\ReaderPage.aspx.cs:line 1476</Stack>
  </Exception>
</LogEntry>
<LogEntry>
  <Date>4/22/2021 11:11:54 AM</Date>
  <Exception>
    <Module>SqlDatabase.ExecuteProcedure() failed, SqlException Occurred</Module>
    <ErrorNumber>2812</ErrorNumber>
    <Source>.Net SqlClient Data Provider</Source>
    <Message>Could not find stored procedure 'TAMSR2_ReaderTypeOps'.</Message>
    <Stack>   at System.Data.SqlClient.SqlConnection.OnError(SqlException exception, Boolean breakConnection, Action`1 wrapCloseInAction)
   at System.Data.SqlClient.SqlInternalConnection.OnError(SqlException exception, Boolean breakConnection, Action`1 wrapCloseInAction)
   at System.Data.SqlClient.TdsParser.ThrowExceptionAndWarning(TdsParserStateObject stateObj, Boolean callerHasConnectionLock, Boolean asyncClose)
   at System.Data.SqlClient.TdsParser.TryRun(RunBehavior runBehavior, SqlCommand cmdHandler, SqlDataReader dataStream, BulkCopySimpleResultSet bulkCopyHandler, TdsParserStateObject stateObj, Boolean&amp; dataReady)
   at System.Data.SqlClient.SqlDataReader.TryConsumeMetaData()
   at System.Data.SqlClient.SqlDataReader.get_MetaData()
   at System.Data.SqlClient.SqlCommand.FinishExecuteReader(SqlDataReader ds, RunBehavior runBehavior, String resetOptionsString, Boolean isInternal, Boolean forDescribeParameterEncryption, Boolean shouldCacheForAlwaysEncrypted)
   at System.Data.SqlClient.SqlCommand.RunExecuteReaderTds(CommandBehavior cmdBehavior, RunBehavior runBehavior, Boolean returnStream, Boolean async, Int32 timeout, Task&amp; task, Boolean asyncWrite, Boolean inRetry, SqlDataReader ds, Boolean describeParameterEncryptionRequest)
   at System.Data.SqlClient.SqlCommand.RunExecuteReader(CommandBehavior cmdBehavior, RunBehavior runBehavior, Boolean returnStream, String method, TaskCompletionSource`1 completion, Int32 timeout, Task&amp; task, Boolean&amp; usedCache, Boolean asyncWrite, Boolean inRetry)
   at System.Data.SqlClient.SqlCommand.RunExecuteReader(CommandBehavior cmdBehavior, RunBehavior runBehavior, Boolean returnStream, String method)
   at System.Data.SqlClient.SqlCommand.ExecuteReader(CommandBehavior behavior, String method)
   at System.Data.SqlClient.SqlCommand.ExecuteDbDataReader(CommandBehavior behavior)
   at System.Data.Common.DbCommand.System.Data.IDbCommand.ExecuteReader(CommandBehavior behavior)
   at System.Data.Common.DbDataAdapter.FillInternal(DataSet dataset, DataTable[] datatables, Int32 startRecord, Int32 maxRecords, String srcTable, IDbCommand command, CommandBehavior behavior)
   at System.Data.Common.DbDataAdapter.Fill(DataSet dataSet, Int32 startRecord, Int32 maxRecords, String srcTable, IDbCommand command, CommandBehavior behavior)
   at System.Data.Common.DbDataAdapter.Fill(DataSet dataSet, String srcTable)
   at TAMSR2Framework.DAL.SqlDatabase.TAMSR2Framework.DAL.IConnectable.ExecuteProcedure(String strProcedure, Hashtable htParameters) in D:\source-code\TIMECHECK\CMI\ADS_TIMECHECK_CMI\TAMSR2Framework\TAMSR2Framework\DAL\SqlDatabase.cs:line 202</Stack>
  </Exception>
</LogEntry>
<LogEntry>
  <Date>4/22/2021 11:11:58 AM</Date>
  <Exception>
    <Module>RequestPages/ReaderOpsPage.aspx.GerAll()</Module>
    <ErrorNumber>0</ErrorNumber>
    <Source>System.Data</Source>
    <Message>Index 0 is either negative or above rows count.</Message>
    <Stack>   at System.Data.DataView.GetRow(Int32 index)
   at System.Data.DataView.get_Item(Int32 recordIndex)
   at TAMSR2.RequestPages.ReaderPage.GetScreenMessageByDeviceID()</Stack>
  </Exception>
</LogEntry>
<LogEntry>
  <Date>4/22/2021 11:36:38 AM</Date>
  <Exception>
    <Module>SqlDatabase.ExecuteProcedure() failed, SqlException Occurred</Module>
    <ErrorNumber>2812</ErrorNumber>
    <Source>.Net SqlClient Data Provider</Source>
    <Message>Could not find stored procedure 'TAMSR2_ReaderTypeOps'.</Message>
    <Stack>   at System.Data.SqlClient.SqlConnection.OnError(SqlException exception, Boolean breakConnection, Action`1 wrapCloseInAction)
   at System.Data.SqlClient.SqlInternalConnection.OnError(SqlException exception, Boolean breakConnection, Action`1 wrapCloseInAction)
   at System.Data.SqlClient.TdsParser.ThrowExceptionAndWarning(TdsParserStateObject stateObj, Boolean callerHasConnectionLock, Boolean asyncClose)
   at System.Data.SqlClient.TdsParser.TryRun(RunBehavior runBehavior, SqlCommand cmdHandler, SqlDataReader dataStream, BulkCopySimpleResultSet bulkCopyHandler, TdsParserStateObject stateObj, Boolean&amp; dataReady)
   at System.Data.SqlClient.SqlDataReader.TryConsumeMetaData()
   at System.Data.SqlClient.SqlDataReader.get_MetaData()
   at System.Data.SqlClient.SqlCommand.FinishExecuteReader(SqlDataReader ds, RunBehavior runBehavior, String resetOptionsString, Boolean isInternal, Boolean forDescribeParameterEncryption, Boolean shouldCacheForAlwaysEncrypted)
   at System.Data.SqlClient.SqlCommand.RunExecuteReaderTds(CommandBehavior cmdBehavior, RunBehavior runBehavior, Boolean returnStream, Boolean async, Int32 timeout, Task&amp; task, Boolean asyncWrite, Boolean inRetry, SqlDataReader ds, Boolean describeParameterEncryptionRequest)
   at System.Data.SqlClient.SqlCommand.RunExecuteReader(CommandBehavior cmdBehavior, RunBehavior runBehavior, Boolean returnStream, String method, TaskCompletionSource`1 completion, Int32 timeout, Task&amp; task, Boolean&amp; usedCache, Boolean asyncWrite, Boolean inRetry)
   at System.Data.SqlClient.SqlCommand.RunExecuteReader(CommandBehavior cmdBehavior, RunBehavior runBehavior, Boolean returnStream, String method)
   at System.Data.SqlClient.SqlCommand.ExecuteReader(CommandBehavior behavior, String method)
   at System.Data.SqlClient.SqlCommand.ExecuteDbDataReader(CommandBehavior behavior)
   at System.Data.Common.DbCommand.System.Data.IDbCommand.ExecuteReader(CommandBehavior behavior)
   at System.Data.Common.DbDataAdapter.FillInternal(DataSet dataset, DataTable[] datatables, Int32 startRecord, Int32 maxRecords, String srcTable, IDbCommand command, CommandBehavior behavior)
   at System.Data.Common.DbDataAdapter.Fill(DataSet dataSet, Int32 startRecord, Int32 maxRecords, String srcTable, IDbCommand command, CommandBehavior behavior)
   at System.Data.Common.DbDataAdapter.Fill(DataSet dataSet, String srcTable)
   at TAMSR2Framework.DAL.SqlDatabase.TAMSR2Framework.DAL.IConnectable.ExecuteProcedure(String strProcedure, Hashtable htParameters) in D:\source-code\TIMECHECK\CMI\ADS_TIMECHECK_CMI\TAMSR2Framework\TAMSR2Framework\DAL\SqlDatabase.cs:line 202</Stack>
  </Exception>
</LogEntry>
<LogEntry>
  <Date>4/22/2021 11:36:41 AM</Date>
  <Exception>
    <Module>RequestPages/ReaderOpsPage.aspx.GerAll()</Module>
    <ErrorNumber>0</ErrorNumber>
    <Source>System.Data</Source>
    <Message>Index 0 is either negative or above rows count.</Message>
    <Stack>   at System.Data.DataView.GetRow(Int32 index)
   at System.Data.DataView.get_Item(Int32 recordIndex)
   at TAMSR2.RequestPages.ReaderPage.GetScreenMessageByDeviceID() in D:\source-code\TIMECHECK\CMI\ADS_TIMECHECK_CMI\TAMSR2\TAMSR2\RequestPages\ReaderPage.aspx.cs:line 1477</Stack>
  </Exception>
</LogEntry>
<LogEntry>
  <Date>4/22/2021 12:38:37 PM</Date>
  <Exception>
    <Module>RequestPages/ReaderOpsPage.aspx.GerAll()</Module>
    <ErrorNumber>0</ErrorNumber>
    <Source>System.Data</Source>
    <Message>Index 0 is either negative or above rows count.</Message>
    <Stack>   at System.Data.DataView.GetRow(Int32 index)
   at System.Data.DataView.get_Item(Int32 recordIndex)
   at TAMSR2.RequestPages.ReaderPage.GetScreenMessageByDeviceID() in D:\source-code\TIMECHECK\CMI\ADS_TIMECHECK_CMI\TAMSR2\TAMSR2\RequestPages\ReaderPage.aspx.cs:line 1477</Stack>
  </Exception>
</LogEntry>
<LogEntry>
  <Date>4/22/2021 1:38:06 PM</Date>
  <Exception>
    <Module>RequestPages/ReaderOpsPage.aspx.GerAll()</Module>
    <ErrorNumber>0</ErrorNumber>
    <Source>System.Data</Source>
    <Message>Index 0 is either negative or above rows count.</Message>
    <Stack>   at System.Data.DataView.GetRow(Int32 index)
   at System.Data.DataView.get_Item(Int32 recordIndex)
   at TAMSR2.RequestPages.ReaderPage.GetScreenMessageByDeviceID()</Stack>
  </Exception>
</LogEntry>
<LogEntry>
  <Date>4/22/2021 1:44:10 PM</Date>
  <Exception>
    <Module>RequestPages/ReaderOpsPage.aspx.GerAll()</Module>
    <ErrorNumber>0</ErrorNumber>
    <Source>System.Data</Source>
    <Message>Index 0 is either negative or above rows count.</Message>
    <Stack>   at System.Data.DataView.GetRow(Int32 index)
   at System.Data.DataView.get_Item(Int32 recordIndex)
   at TAMSR2.RequestPages.ReaderPage.GetScreenMessageByDeviceID()</Stack>
  </Exception>
</LogEntry>
